[0.589s] Invoking command in '/home/rithvik/quadruped_ws/build/ros_file_description': PYTHONPATH=/home/rithvik/quadruped_ws/build/ros_file_description/prefix_override:/usr/lib/python3/dist-packages/colcon_core/task/python/colcon_distutils_commands:/home/rithvik/quadruped_ws/install/ros_file_description/lib/python3.10/site-packages:${PYTHONPATH} /usr/bin/python3 -W ignore:setup.py install is deprecated -W ignore:easy_install command is deprecated setup.py develop --editable --build-directory /home/rithvik/quadruped_ws/build/ros_file_description/build --no-deps symlink_data
[0.755s] running develop
[0.852s] running egg_info
[0.852s] creating ros_file_description.egg-info
[0.852s] writing ros_file_description.egg-info/PKG-INFO
[0.852s] writing dependency_links to ros_file_description.egg-info/dependency_links.txt
[0.852s] writing entry points to ros_file_description.egg-info/entry_points.txt
[0.853s] writing requirements to ros_file_description.egg-info/requires.txt
[0.853s] writing top-level names to ros_file_description.egg-info/top_level.txt
[0.853s] writing manifest file 'ros_file_description.egg-info/SOURCES.txt'
[0.854s] reading manifest file 'ros_file_description.egg-info/SOURCES.txt'
[0.855s] writing manifest file 'ros_file_description.egg-info/SOURCES.txt'
[0.856s] running build_ext
[0.856s] Creating /home/rithvik/quadruped_ws/install/ros_file_description/lib/python3.10/site-packages/ros-file-description.egg-link (link to .)
[0.856s] 
[0.856s] Installed /home/rithvik/quadruped_ws/build/ros_file_description
[0.856s] running symlink_data
[0.856s] creating /home/rithvik/quadruped_ws/install/ros_file_description/share/ament_index
[0.857s] creating /home/rithvik/quadruped_ws/install/ros_file_description/share/ament_index/resource_index
[0.857s] creating /home/rithvik/quadruped_ws/install/ros_file_description/share/ament_index/resource_index/packages
[0.857s] symbolically linking /home/rithvik/quadruped_ws/build/ros_file_description/resource/ros_file_description -> /home/rithvik/quadruped_ws/install/ros_file_description/share/ament_index/resource_index/packages
[0.857s] symbolically linking /home/rithvik/quadruped_ws/build/ros_file_description/package.xml -> /home/rithvik/quadruped_ws/install/ros_file_description/share/ros_file_description
[0.857s] creating /home/rithvik/quadruped_ws/install/ros_file_description/share/ros_file_description/launch
[0.857s] symbolically linking /home/rithvik/quadruped_ws/build/ros_file_description/launch/gazebo.launch.py -> /home/rithvik/quadruped_ws/install/ros_file_description/share/ros_file_description/launch
[0.857s] symbolically linking /home/rithvik/quadruped_ws/build/ros_file_description/launch/display.launch.py -> /home/rithvik/quadruped_ws/install/ros_file_description/share/ros_file_description/launch
[0.857s] creating /home/rithvik/quadruped_ws/install/ros_file_description/share/ros_file_description/urdf
[0.857s] symbolically linking /home/rithvik/quadruped_ws/build/ros_file_description/urdf/ros_file.xacro -> /home/rithvik/quadruped_ws/install/ros_file_description/share/ros_file_description/urdf
[0.857s] symbolically linking /home/rithvik/quadruped_ws/build/ros_file_description/urdf/materials.xacro -> /home/rithvik/quadruped_ws/install/ros_file_description/share/ros_file_description/urdf
[0.857s] symbolically linking /home/rithvik/quadruped_ws/build/ros_file_description/urdf/ros_file.gazebo -> /home/rithvik/quadruped_ws/install/ros_file_description/share/ros_file_description/urdf
[0.857s] symbolically linking /home/rithvik/quadruped_ws/build/ros_file_description/urdf/ros_file.trans -> /home/rithvik/quadruped_ws/install/ros_file_description/share/ros_file_description/urdf
[0.857s] creating /home/rithvik/quadruped_ws/install/ros_file_description/share/ros_file_description/meshes
[0.857s] symbolically linking /home/rithvik/quadruped_ws/build/ros_file_description/meshes/lr_foot_1.stl -> /home/rithvik/quadruped_ws/install/ros_file_description/share/ros_file_description/meshes
[0.857s] symbolically linking /home/rithvik/quadruped_ws/build/ros_file_description/meshes/b_s4_1.stl -> /home/rithvik/quadruped_ws/install/ros_file_description/share/ros_file_description/meshes
[0.857s] symbolically linking /home/rithvik/quadruped_ws/build/ros_file_description/meshes/rr_thigh_1.stl -> /home/rithvik/quadruped_ws/install/ros_file_description/share/ros_file_description/meshes
[0.857s] symbolically linking /home/rithvik/quadruped_ws/build/ros_file_description/meshes/b_s3_c_horn_1.stl -> /home/rithvik/quadruped_ws/install/ros_file_description/share/ros_file_description/meshes
[0.857s] symbolically linking /home/rithvik/quadruped_ws/build/ros_file_description/meshes/lf_holder_suppor1_1.stl -> /home/rithvik/quadruped_ws/install/ros_file_description/share/ros_file_description/meshes
[0.858s] symbolically linking /home/rithvik/quadruped_ws/build/ros_file_description/meshes/b_s3_1.stl -> /home/rithvik/quadruped_ws/install/ros_file_description/share/ros_file_description/meshes
[0.858s] symbolically linking /home/rithvik/quadruped_ws/build/ros_file_description/meshes/b_s2_1.stl -> /home/rithvik/quadruped_ws/install/ros_file_description/share/ros_file_description/meshes
[0.858s] symbolically linking /home/rithvik/quadruped_ws/build/ros_file_description/meshes/rr_holder_1.stl -> /home/rithvik/quadruped_ws/install/ros_file_description/share/ros_file_description/meshes
[0.858s] symbolically linking /home/rithvik/quadruped_ws/build/ros_file_description/meshes/lr_thigh_1.stl -> /home/rithvik/quadruped_ws/install/ros_file_description/share/ros_file_description/meshes
[0.858s] symbolically linking /home/rithvik/quadruped_ws/build/ros_file_description/meshes/lr_holder_suppor1_1.stl -> /home/rithvik/quadruped_ws/install/ros_file_description/share/ros_file_description/meshes
[0.858s] symbolically linking /home/rithvik/quadruped_ws/build/ros_file_description/meshes/lf_c_horn_1.stl -> /home/rithvik/quadruped_ws/install/ros_file_description/share/ros_file_description/meshes
[0.858s] symbolically linking /home/rithvik/quadruped_ws/build/ros_file_description/meshes/rf_thigh_1.stl -> /home/rithvik/quadruped_ws/install/ros_file_description/share/ros_file_description/meshes
[0.858s] symbolically linking /home/rithvik/quadruped_ws/build/ros_file_description/meshes/lr_holder_1.stl -> /home/rithvik/quadruped_ws/install/ros_file_description/share/ros_file_description/meshes
[0.858s] symbolically linking /home/rithvik/quadruped_ws/build/ros_file_description/meshes/b_s1_1.stl -> /home/rithvik/quadruped_ws/install/ros_file_description/share/ros_file_description/meshes
[0.858s] symbolically linking /home/rithvik/quadruped_ws/build/ros_file_description/meshes/lf_holder_1.stl -> /home/rithvik/quadruped_ws/install/ros_file_description/share/ros_file_description/meshes
[0.858s] symbolically linking /home/rithvik/quadruped_ws/build/ros_file_description/meshes/rr_foot_1.stl -> /home/rithvik/quadruped_ws/install/ros_file_description/share/ros_file_description/meshes
[0.858s] symbolically linking /home/rithvik/quadruped_ws/build/ros_file_description/meshes/rf_holder_1.stl -> /home/rithvik/quadruped_ws/install/ros_file_description/share/ros_file_description/meshes
[0.858s] symbolically linking /home/rithvik/quadruped_ws/build/ros_file_description/meshes/rr_holder_suppor1_1.stl -> /home/rithvik/quadruped_ws/install/ros_file_description/share/ros_file_description/meshes
[0.858s] symbolically linking /home/rithvik/quadruped_ws/build/ros_file_description/meshes/b_s4_c_horn_1.stl -> /home/rithvik/quadruped_ws/install/ros_file_description/share/ros_file_description/meshes
[0.858s] symbolically linking /home/rithvik/quadruped_ws/build/ros_file_description/meshes/rr_c_horn_1.stl -> /home/rithvik/quadruped_ws/install/ros_file_description/share/ros_file_description/meshes
[0.858s] symbolically linking /home/rithvik/quadruped_ws/build/ros_file_description/meshes/lr_c_horn_1.stl -> /home/rithvik/quadruped_ws/install/ros_file_description/share/ros_file_description/meshes
[0.859s] symbolically linking /home/rithvik/quadruped_ws/build/ros_file_description/meshes/b_s2_c_horn_1.stl -> /home/rithvik/quadruped_ws/install/ros_file_description/share/ros_file_description/meshes
[0.859s] symbolically linking /home/rithvik/quadruped_ws/build/ros_file_description/meshes/lf_thigh_1.stl -> /home/rithvik/quadruped_ws/install/ros_file_description/share/ros_file_description/meshes
[0.859s] symbolically linking /home/rithvik/quadruped_ws/build/ros_file_description/meshes/base_link.stl -> /home/rithvik/quadruped_ws/install/ros_file_description/share/ros_file_description/meshes
[0.859s] symbolically linking /home/rithvik/quadruped_ws/build/ros_file_description/meshes/rf_c_horn_1.stl -> /home/rithvik/quadruped_ws/install/ros_file_description/share/ros_file_description/meshes
[0.859s] symbolically linking /home/rithvik/quadruped_ws/build/ros_file_description/meshes/b_s1_c_horn_1.stl -> /home/rithvik/quadruped_ws/install/ros_file_description/share/ros_file_description/meshes
[0.859s] symbolically linking /home/rithvik/quadruped_ws/build/ros_file_description/meshes/top_1.stl -> /home/rithvik/quadruped_ws/install/ros_file_description/share/ros_file_description/meshes
[0.859s] symbolically linking /home/rithvik/quadruped_ws/build/ros_file_description/meshes/rf_foot_1.stl -> /home/rithvik/quadruped_ws/install/ros_file_description/share/ros_file_description/meshes
[0.859s] symbolically linking /home/rithvik/quadruped_ws/build/ros_file_description/meshes/lf_foot_1.stl -> /home/rithvik/quadruped_ws/install/ros_file_description/share/ros_file_description/meshes
[0.859s] symbolically linking /home/rithvik/quadruped_ws/build/ros_file_description/meshes/rf_holder_suppor1_1.stl -> /home/rithvik/quadruped_ws/install/ros_file_description/share/ros_file_description/meshes
[0.859s] creating /home/rithvik/quadruped_ws/install/ros_file_description/share/ros_file_description/config
[0.859s] symbolically linking /home/rithvik/quadruped_ws/build/ros_file_description/config/display.rviz -> /home/rithvik/quadruped_ws/install/ros_file_description/share/ros_file_description/config
[0.859s] symbolically linking /home/rithvik/quadruped_ws/build/ros_file_description/config/gazebo.rviz -> /home/rithvik/quadruped_ws/install/ros_file_description/share/ros_file_description/config
[0.859s] symbolically linking /home/rithvik/quadruped_ws/build/ros_file_description/config/controllers.yaml -> /home/rithvik/quadruped_ws/install/ros_file_description/share/ros_file_description/config
[0.859s] symbolically linking /home/rithvik/quadruped_ws/build/ros_file_description/config/ros_gz_bridge_gazebo.yaml -> /home/rithvik/quadruped_ws/install/ros_file_description/share/ros_file_description/config
[0.896s] Invoked command in '/home/rithvik/quadruped_ws/build/ros_file_description' returned '0': PYTHONPATH=/home/rithvik/quadruped_ws/build/ros_file_description/prefix_override:/usr/lib/python3/dist-packages/colcon_core/task/python/colcon_distutils_commands:/home/rithvik/quadruped_ws/install/ros_file_description/lib/python3.10/site-packages:${PYTHONPATH} /usr/bin/python3 -W ignore:setup.py install is deprecated -W ignore:easy_install command is deprecated setup.py develop --editable --build-directory /home/rithvik/quadruped_ws/build/ros_file_description/build --no-deps symlink_data
