running develop
Removing /home/rithvik/quadruped_ws/install/ros_file_description/lib/python3.10/site-packages/ros-file-description.egg-link (link to .)
running egg_info
writing ../../build/ros_file_description/ros_file_description.egg-info/PKG-INFO
writing dependency_links to ../../build/ros_file_description/ros_file_description.egg-info/dependency_links.txt
writing entry points to ../../build/ros_file_description/ros_file_description.egg-info/entry_points.txt
writing requirements to ../../build/ros_file_description/ros_file_description.egg-info/requires.txt
writing top-level names to ../../build/ros_file_description/ros_file_description.egg-info/top_level.txt
reading manifest file '../../build/ros_file_description/ros_file_description.egg-info/SOURCES.txt'
writing manifest file '../../build/ros_file_description/ros_file_description.egg-info/SOURCES.txt'
running build
running build_py
creating /home/rithvik/quadruped_ws/build/ros_file_description/build
creating /home/rithvik/quadruped_ws/build/ros_file_description/build/lib
creating /home/rithvik/quadruped_ws/build/ros_file_description/build/lib/ros_file_description
copying ros_file_description/__init__.py -> /home/rithvik/quadruped_ws/build/ros_file_description/build/lib/ros_file_description
running install
running install_lib
creating /home/rithvik/quadruped_ws/install/ros_file_description/lib/python3.10/site-packages/ros_file_description
copying /home/rithvik/quadruped_ws/build/ros_file_description/build/lib/ros_file_description/__init__.py -> /home/rithvik/quadruped_ws/install/ros_file_description/lib/python3.10/site-packages/ros_file_description
byte-compiling /home/rithvik/quadruped_ws/install/ros_file_description/lib/python3.10/site-packages/ros_file_description/__init__.py to __init__.cpython-310.pyc
running install_data
copying resource/ros_file_description -> /home/rithvik/quadruped_ws/install/ros_file_description/share/ament_index/resource_index/packages
copying package.xml -> /home/rithvik/quadruped_ws/install/ros_file_description/share/ros_file_description
copying launch/gazebo.launch.py -> /home/rithvik/quadruped_ws/install/ros_file_description/share/ros_file_description/launch
copying launch/display.launch.py -> /home/rithvik/quadruped_ws/install/ros_file_description/share/ros_file_description/launch
copying urdf/ros_file.xacro -> /home/rithvik/quadruped_ws/install/ros_file_description/share/ros_file_description/urdf
copying urdf/materials.xacro -> /home/rithvik/quadruped_ws/install/ros_file_description/share/ros_file_description/urdf
copying urdf/ros_file.gazebo -> /home/rithvik/quadruped_ws/install/ros_file_description/share/ros_file_description/urdf
copying urdf/ros_file.trans -> /home/rithvik/quadruped_ws/install/ros_file_description/share/ros_file_description/urdf
copying meshes/lr_foot_1.stl -> /home/rithvik/quadruped_ws/install/ros_file_description/share/ros_file_description/meshes
copying meshes/b_s4_1.stl -> /home/rithvik/quadruped_ws/install/ros_file_description/share/ros_file_description/meshes
copying meshes/rr_thigh_1.stl -> /home/rithvik/quadruped_ws/install/ros_file_description/share/ros_file_description/meshes
copying meshes/b_s3_c_horn_1.stl -> /home/rithvik/quadruped_ws/install/ros_file_description/share/ros_file_description/meshes
copying meshes/lf_holder_suppor1_1.stl -> /home/rithvik/quadruped_ws/install/ros_file_description/share/ros_file_description/meshes
copying meshes/b_s3_1.stl -> /home/rithvik/quadruped_ws/install/ros_file_description/share/ros_file_description/meshes
copying meshes/b_s2_1.stl -> /home/rithvik/quadruped_ws/install/ros_file_description/share/ros_file_description/meshes
copying meshes/rr_holder_1.stl -> /home/rithvik/quadruped_ws/install/ros_file_description/share/ros_file_description/meshes
copying meshes/lr_thigh_1.stl -> /home/rithvik/quadruped_ws/install/ros_file_description/share/ros_file_description/meshes
copying meshes/lr_holder_suppor1_1.stl -> /home/rithvik/quadruped_ws/install/ros_file_description/share/ros_file_description/meshes
copying meshes/lf_c_horn_1.stl -> /home/rithvik/quadruped_ws/install/ros_file_description/share/ros_file_description/meshes
copying meshes/rf_thigh_1.stl -> /home/rithvik/quadruped_ws/install/ros_file_description/share/ros_file_description/meshes
copying meshes/lr_holder_1.stl -> /home/rithvik/quadruped_ws/install/ros_file_description/share/ros_file_description/meshes
copying meshes/b_s1_1.stl -> /home/rithvik/quadruped_ws/install/ros_file_description/share/ros_file_description/meshes
copying meshes/lf_holder_1.stl -> /home/rithvik/quadruped_ws/install/ros_file_description/share/ros_file_description/meshes
copying meshes/rr_foot_1.stl -> /home/rithvik/quadruped_ws/install/ros_file_description/share/ros_file_description/meshes
copying meshes/rf_holder_1.stl -> /home/rithvik/quadruped_ws/install/ros_file_description/share/ros_file_description/meshes
copying meshes/rr_holder_suppor1_1.stl -> /home/rithvik/quadruped_ws/install/ros_file_description/share/ros_file_description/meshes
copying meshes/b_s4_c_horn_1.stl -> /home/rithvik/quadruped_ws/install/ros_file_description/share/ros_file_description/meshes
copying meshes/rr_c_horn_1.stl -> /home/rithvik/quadruped_ws/install/ros_file_description/share/ros_file_description/meshes
copying meshes/lr_c_horn_1.stl -> /home/rithvik/quadruped_ws/install/ros_file_description/share/ros_file_description/meshes
copying meshes/b_s2_c_horn_1.stl -> /home/rithvik/quadruped_ws/install/ros_file_description/share/ros_file_description/meshes
copying meshes/lf_thigh_1.stl -> /home/rithvik/quadruped_ws/install/ros_file_description/share/ros_file_description/meshes
copying meshes/base_link.stl -> /home/rithvik/quadruped_ws/install/ros_file_description/share/ros_file_description/meshes
copying meshes/rf_c_horn_1.stl -> /home/rithvik/quadruped_ws/install/ros_file_description/share/ros_file_description/meshes
copying meshes/b_s1_c_horn_1.stl -> /home/rithvik/quadruped_ws/install/ros_file_description/share/ros_file_description/meshes
copying meshes/top_1.stl -> /home/rithvik/quadruped_ws/install/ros_file_description/share/ros_file_description/meshes
copying meshes/rf_foot_1.stl -> /home/rithvik/quadruped_ws/install/ros_file_description/share/ros_file_description/meshes
copying meshes/lf_foot_1.stl -> /home/rithvik/quadruped_ws/install/ros_file_description/share/ros_file_description/meshes
copying meshes/rf_holder_suppor1_1.stl -> /home/rithvik/quadruped_ws/install/ros_file_description/share/ros_file_description/meshes
copying config/display.rviz -> /home/rithvik/quadruped_ws/install/ros_file_description/share/ros_file_description/config
copying config/gazebo.rviz -> /home/rithvik/quadruped_ws/install/ros_file_description/share/ros_file_description/config
copying config/controllers.yaml -> /home/rithvik/quadruped_ws/install/ros_file_description/share/ros_file_description/config
copying config/ros_gz_bridge_gazebo.yaml -> /home/rithvik/quadruped_ws/install/ros_file_description/share/ros_file_description/config
running install_egg_info
Copying ../../build/ros_file_description/ros_file_description.egg-info to /home/rithvik/quadruped_ws/install/ros_file_description/lib/python3.10/site-packages/ros_file_description-0.0.0-py3.10.egg-info
running install_scripts
writing list of installed files to '/home/rithvik/quadruped_ws/build/ros_file_description/install.log'
