[0.604s] Invoking command in '/home/rithvik/quadruped_ws/build/ros_file_description': PYTHONPATH=/home/rithvik/quadruped_ws/build/ros_file_description/prefix_override:/usr/lib/python3/dist-packages/colcon_core/task/python/colcon_distutils_commands:/home/rithvik/quadruped_ws/install/ros_file_description/lib/python3.10/site-packages:${PYTHONPATH} /usr/bin/python3 -W ignore:setup.py install is deprecated -W ignore:easy_install command is deprecated setup.py develop --uninstall --editable --build-directory /home/rithvik/quadruped_ws/build/ros_file_description/build
[0.776s] running develop
[0.879s] Removing /home/rithvik/quadruped_ws/install/ros_file_description/lib/python3.10/site-packages/ros-file-description.egg-link (link to .)
[0.916s] Invoked command in '/home/rithvik/quadruped_ws/build/ros_file_description' returned '0': PYTHONPATH=/home/rithvik/quadruped_ws/build/ros_file_description/prefix_override:/usr/lib/python3/dist-packages/colcon_core/task/python/colcon_distutils_commands:/home/rithvik/quadruped_ws/install/ros_file_description/lib/python3.10/site-packages:${PYTHONPATH} /usr/bin/python3 -W ignore:setup.py install is deprecated -W ignore:easy_install command is deprecated setup.py develop --uninstall --editable --build-directory /home/rithvik/quadruped_ws/build/ros_file_description/build
[0.916s] Invoking command in '/home/rithvik/quadruped_ws/src/ros_file_description': PYTHONPATH=/home/rithvik/quadruped_ws/build/ros_file_description/prefix_override:/usr/lib/python3/dist-packages/colcon_core/task/python/colcon_distutils_commands:/home/rithvik/quadruped_ws/install/ros_file_description/lib/python3.10/site-packages:${PYTHONPATH} /usr/bin/python3 -W ignore:setup.py install is deprecated -W ignore:easy_install command is deprecated setup.py egg_info --egg-base ../../build/ros_file_description build --build-base /home/rithvik/quadruped_ws/build/ros_file_description/build install --record /home/rithvik/quadruped_ws/build/ros_file_description/install.log --single-version-externally-managed install_data --force
[1.075s] running egg_info
[1.075s] writing ../../build/ros_file_description/ros_file_description.egg-info/PKG-INFO
[1.075s] writing dependency_links to ../../build/ros_file_description/ros_file_description.egg-info/dependency_links.txt
[1.075s] writing entry points to ../../build/ros_file_description/ros_file_description.egg-info/entry_points.txt
[1.076s] writing requirements to ../../build/ros_file_description/ros_file_description.egg-info/requires.txt
[1.076s] writing top-level names to ../../build/ros_file_description/ros_file_description.egg-info/top_level.txt
[1.077s] reading manifest file '../../build/ros_file_description/ros_file_description.egg-info/SOURCES.txt'
[1.078s] writing manifest file '../../build/ros_file_description/ros_file_description.egg-info/SOURCES.txt'
[1.078s] running build
[1.078s] running build_py
[1.078s] creating /home/rithvik/quadruped_ws/build/ros_file_description/build
[1.078s] creating /home/rithvik/quadruped_ws/build/ros_file_description/build/lib
[1.078s] creating /home/rithvik/quadruped_ws/build/ros_file_description/build/lib/ros_file_description
[1.078s] copying ros_file_description/__init__.py -> /home/rithvik/quadruped_ws/build/ros_file_description/build/lib/ros_file_description
[1.078s] running install
[1.079s] running install_lib
[1.079s] creating /home/rithvik/quadruped_ws/install/ros_file_description/lib/python3.10/site-packages/ros_file_description
[1.079s] copying /home/rithvik/quadruped_ws/build/ros_file_description/build/lib/ros_file_description/__init__.py -> /home/rithvik/quadruped_ws/install/ros_file_description/lib/python3.10/site-packages/ros_file_description
[1.080s] byte-compiling /home/rithvik/quadruped_ws/install/ros_file_description/lib/python3.10/site-packages/ros_file_description/__init__.py to __init__.cpython-310.pyc
[1.080s] running install_data
[1.080s] copying resource/ros_file_description -> /home/rithvik/quadruped_ws/install/ros_file_description/share/ament_index/resource_index/packages
[1.080s] copying package.xml -> /home/rithvik/quadruped_ws/install/ros_file_description/share/ros_file_description
[1.080s] copying launch/gazebo.launch.py -> /home/rithvik/quadruped_ws/install/ros_file_description/share/ros_file_description/launch
[1.080s] copying launch/display.launch.py -> /home/rithvik/quadruped_ws/install/ros_file_description/share/ros_file_description/launch
[1.080s] copying urdf/ros_file.xacro -> /home/rithvik/quadruped_ws/install/ros_file_description/share/ros_file_description/urdf
[1.080s] copying urdf/materials.xacro -> /home/rithvik/quadruped_ws/install/ros_file_description/share/ros_file_description/urdf
[1.080s] copying urdf/ros_file.gazebo -> /home/rithvik/quadruped_ws/install/ros_file_description/share/ros_file_description/urdf
[1.081s] copying urdf/ros_file.trans -> /home/rithvik/quadruped_ws/install/ros_file_description/share/ros_file_description/urdf
[1.081s] copying meshes/lr_foot_1.stl -> /home/rithvik/quadruped_ws/install/ros_file_description/share/ros_file_description/meshes
[1.081s] copying meshes/b_s4_1.stl -> /home/rithvik/quadruped_ws/install/ros_file_description/share/ros_file_description/meshes
[1.081s] copying meshes/rr_thigh_1.stl -> /home/rithvik/quadruped_ws/install/ros_file_description/share/ros_file_description/meshes
[1.082s] copying meshes/b_s3_c_horn_1.stl -> /home/rithvik/quadruped_ws/install/ros_file_description/share/ros_file_description/meshes
[1.082s] copying meshes/lf_holder_suppor1_1.stl -> /home/rithvik/quadruped_ws/install/ros_file_description/share/ros_file_description/meshes
[1.083s] copying meshes/b_s3_1.stl -> /home/rithvik/quadruped_ws/install/ros_file_description/share/ros_file_description/meshes
[1.083s] copying meshes/b_s2_1.stl -> /home/rithvik/quadruped_ws/install/ros_file_description/share/ros_file_description/meshes
[1.083s] copying meshes/rr_holder_1.stl -> /home/rithvik/quadruped_ws/install/ros_file_description/share/ros_file_description/meshes
[1.084s] copying meshes/lr_thigh_1.stl -> /home/rithvik/quadruped_ws/install/ros_file_description/share/ros_file_description/meshes
[1.084s] copying meshes/lr_holder_suppor1_1.stl -> /home/rithvik/quadruped_ws/install/ros_file_description/share/ros_file_description/meshes
[1.085s] copying meshes/lf_c_horn_1.stl -> /home/rithvik/quadruped_ws/install/ros_file_description/share/ros_file_description/meshes
[1.085s] copying meshes/rf_thigh_1.stl -> /home/rithvik/quadruped_ws/install/ros_file_description/share/ros_file_description/meshes
[1.085s] copying meshes/lr_holder_1.stl -> /home/rithvik/quadruped_ws/install/ros_file_description/share/ros_file_description/meshes
[1.086s] copying meshes/b_s1_1.stl -> /home/rithvik/quadruped_ws/install/ros_file_description/share/ros_file_description/meshes
[1.086s] copying meshes/lf_holder_1.stl -> /home/rithvik/quadruped_ws/install/ros_file_description/share/ros_file_description/meshes
[1.086s] copying meshes/rr_foot_1.stl -> /home/rithvik/quadruped_ws/install/ros_file_description/share/ros_file_description/meshes
[1.087s] copying meshes/rf_holder_1.stl -> /home/rithvik/quadruped_ws/install/ros_file_description/share/ros_file_description/meshes
[1.087s] copying meshes/rr_holder_suppor1_1.stl -> /home/rithvik/quadruped_ws/install/ros_file_description/share/ros_file_description/meshes
[1.088s] copying meshes/b_s4_c_horn_1.stl -> /home/rithvik/quadruped_ws/install/ros_file_description/share/ros_file_description/meshes
[1.088s] copying meshes/rr_c_horn_1.stl -> /home/rithvik/quadruped_ws/install/ros_file_description/share/ros_file_description/meshes
[1.089s] copying meshes/lr_c_horn_1.stl -> /home/rithvik/quadruped_ws/install/ros_file_description/share/ros_file_description/meshes
[1.089s] copying meshes/b_s2_c_horn_1.stl -> /home/rithvik/quadruped_ws/install/ros_file_description/share/ros_file_description/meshes
[1.089s] copying meshes/lf_thigh_1.stl -> /home/rithvik/quadruped_ws/install/ros_file_description/share/ros_file_description/meshes
[1.090s] copying meshes/base_link.stl -> /home/rithvik/quadruped_ws/install/ros_file_description/share/ros_file_description/meshes
[1.090s] copying meshes/rf_c_horn_1.stl -> /home/rithvik/quadruped_ws/install/ros_file_description/share/ros_file_description/meshes
[1.091s] copying meshes/b_s1_c_horn_1.stl -> /home/rithvik/quadruped_ws/install/ros_file_description/share/ros_file_description/meshes
[1.091s] copying meshes/top_1.stl -> /home/rithvik/quadruped_ws/install/ros_file_description/share/ros_file_description/meshes
[1.092s] copying meshes/rf_foot_1.stl -> /home/rithvik/quadruped_ws/install/ros_file_description/share/ros_file_description/meshes
[1.092s] copying meshes/lf_foot_1.stl -> /home/rithvik/quadruped_ws/install/ros_file_description/share/ros_file_description/meshes
[1.093s] copying meshes/rf_holder_suppor1_1.stl -> /home/rithvik/quadruped_ws/install/ros_file_description/share/ros_file_description/meshes
[1.093s] copying config/display.rviz -> /home/rithvik/quadruped_ws/install/ros_file_description/share/ros_file_description/config
[1.093s] copying config/gazebo.rviz -> /home/rithvik/quadruped_ws/install/ros_file_description/share/ros_file_description/config
[1.093s] copying config/controllers.yaml -> /home/rithvik/quadruped_ws/install/ros_file_description/share/ros_file_description/config
[1.093s] copying config/ros_gz_bridge_gazebo.yaml -> /home/rithvik/quadruped_ws/install/ros_file_description/share/ros_file_description/config
[1.094s] running install_egg_info
[1.096s] Copying ../../build/ros_file_description/ros_file_description.egg-info to /home/rithvik/quadruped_ws/install/ros_file_description/lib/python3.10/site-packages/ros_file_description-0.0.0-py3.10.egg-info
[1.096s] running install_scripts
[1.113s] writing list of installed files to '/home/rithvik/quadruped_ws/build/ros_file_description/install.log'
[1.143s] Invoked command in '/home/rithvik/quadruped_ws/src/ros_file_description' returned '0': PYTHONPATH=/home/rithvik/quadruped_ws/build/ros_file_description/prefix_override:/usr/lib/python3/dist-packages/colcon_core/task/python/colcon_distutils_commands:/home/rithvik/quadruped_ws/install/ros_file_description/lib/python3.10/site-packages:${PYTHONPATH} /usr/bin/python3 -W ignore:setup.py install is deprecated -W ignore:easy_install command is deprecated setup.py egg_info --egg-base ../../build/ros_file_description build --build-base /home/rithvik/quadruped_ws/build/ros_file_description/build install --record /home/rithvik/quadruped_ws/build/ros_file_description/install.log --single-version-externally-managed install_data --force
