[0.119s] DEBUG:colcon:Command line arguments: ['/usr/bin/colcon', 'build', '--symlink-install']
[0.119s] DEBUG:colcon:Parsed command line arguments: Namespace(log_base=None, log_level=None, verb_name='build', build_base='build', install_base='install', merge_install=False, symlink_install=True, test_result_base=None, continue_on_error=False, executor='parallel', parallel_workers=8, event_handlers=None, ignore_user_meta=False, metas=['./colcon.meta'], base_paths=['.'], packages_ignore=None, packages_ignore_regex=None, paths=None, packages_up_to=None, packages_up_to_regex=None, packages_above=None, packages_above_and_dependencies=None, packages_above_depth=None, packages_select_by_dep=None, packages_skip_by_dep=None, packages_skip_up_to=None, packages_select_build_failed=False, packages_skip_build_finished=False, packages_select_test_failures=False, packages_skip_test_passed=False, packages_select=None, packages_skip=None, packages_select_regex=None, packages_skip_regex=None, packages_start=None, packages_end=None, allow_overriding=[], cmake_args=None, cmake_target=None, cmake_target_skip_unavailable=False, cmake_clean_cache=False, cmake_clean_first=False, cmake_force_configure=False, ament_cmake_args=None, catkin_cmake_args=None, catkin_skip_building_tests=False, verb_parser=<colcon_defaults.argument_parser.defaults.DefaultArgumentsDecorator object at 0x70a209507e50>, verb_extension=<colcon_core.verb.build.BuildVerb object at 0x70a2096d5570>, main=<bound method BuildVerb.main of <colcon_core.verb.build.BuildVerb object at 0x70a2096d5570>>)
[0.327s] Level 1:colcon.colcon_core.package_discovery:discover_packages(colcon_meta) check parameters
[0.327s] Level 1:colcon.colcon_core.package_discovery:discover_packages(recursive) check parameters
[0.327s] Level 1:colcon.colcon_core.package_discovery:discover_packages(ignore) check parameters
[0.327s] Level 1:colcon.colcon_core.package_discovery:discover_packages(path) check parameters
[0.327s] Level 1:colcon.colcon_core.package_discovery:discover_packages(colcon_meta) discover
[0.327s] Level 1:colcon.colcon_core.package_discovery:discover_packages(recursive) discover
[0.327s] INFO:colcon.colcon_core.package_discovery:Crawling recursively for packages in '/home/rithvik/quadruped_ws'
[0.327s] Level 1:colcon.colcon_core.package_identification:_identify(.) by extensions ['ignore', 'ignore_ament_install']
[0.327s] Level 1:colcon.colcon_core.package_identification:_identify(.) by extension 'ignore'
[0.327s] Level 1:colcon.colcon_core.package_identification:_identify(.) by extension 'ignore_ament_install'
[0.328s] Level 1:colcon.colcon_core.package_identification:_identify(.) by extensions ['colcon_pkg']
[0.328s] Level 1:colcon.colcon_core.package_identification:_identify(.) by extension 'colcon_pkg'
[0.328s] Level 1:colcon.colcon_core.package_identification:_identify(.) by extensions ['colcon_meta']
[0.328s] Level 1:colcon.colcon_core.package_identification:_identify(.) by extension 'colcon_meta'
[0.328s] Level 1:colcon.colcon_core.package_identification:_identify(.) by extensions ['ros']
[0.328s] Level 1:colcon.colcon_core.package_identification:_identify(.) by extension 'ros'
[0.339s] Level 1:colcon.colcon_core.package_identification:_identify(.) by extensions ['cmake', 'python']
[0.339s] Level 1:colcon.colcon_core.package_identification:_identify(.) by extension 'cmake'
[0.339s] Level 1:colcon.colcon_core.package_identification:_identify(.) by extension 'python'
[0.339s] Level 1:colcon.colcon_core.package_identification:_identify(.) by extensions ['python_setup_py']
[0.339s] Level 1:colcon.colcon_core.package_identification:_identify(.) by extension 'python_setup_py'
[0.339s] Level 1:colcon.colcon_core.package_identification:_identify(build) by extensions ['ignore', 'ignore_ament_install']
[0.339s] Level 1:colcon.colcon_core.package_identification:_identify(build) by extension 'ignore'
[0.339s] Level 1:colcon.colcon_core.package_identification:_identify(build) ignored
[0.339s] Level 1:colcon.colcon_core.package_identification:_identify(install) by extensions ['ignore', 'ignore_ament_install']
[0.339s] Level 1:colcon.colcon_core.package_identification:_identify(install) by extension 'ignore'
[0.339s] Level 1:colcon.colcon_core.package_identification:_identify(install) ignored
[0.340s] Level 1:colcon.colcon_core.package_identification:_identify(log) by extensions ['ignore', 'ignore_ament_install']
[0.340s] Level 1:colcon.colcon_core.package_identification:_identify(log) by extension 'ignore'
[0.340s] Level 1:colcon.colcon_core.package_identification:_identify(log) ignored
[0.340s] Level 1:colcon.colcon_core.package_identification:_identify(src) by extensions ['ignore', 'ignore_ament_install']
[0.340s] Level 1:colcon.colcon_core.package_identification:_identify(src) by extension 'ignore'
[0.340s] Level 1:colcon.colcon_core.package_identification:_identify(src) by extension 'ignore_ament_install'
[0.340s] Level 1:colcon.colcon_core.package_identification:_identify(src) by extensions ['colcon_pkg']
[0.340s] Level 1:colcon.colcon_core.package_identification:_identify(src) by extension 'colcon_pkg'
[0.340s] Level 1:colcon.colcon_core.package_identification:_identify(src) by extensions ['colcon_meta']
[0.340s] Level 1:colcon.colcon_core.package_identification:_identify(src) by extension 'colcon_meta'
[0.340s] Level 1:colcon.colcon_core.package_identification:_identify(src) by extensions ['ros']
[0.340s] Level 1:colcon.colcon_core.package_identification:_identify(src) by extension 'ros'
[0.340s] Level 1:colcon.colcon_core.package_identification:_identify(src) by extensions ['cmake', 'python']
[0.340s] Level 1:colcon.colcon_core.package_identification:_identify(src) by extension 'cmake'
[0.340s] Level 1:colcon.colcon_core.package_identification:_identify(src) by extension 'python'
[0.340s] Level 1:colcon.colcon_core.package_identification:_identify(src) by extensions ['python_setup_py']
[0.340s] Level 1:colcon.colcon_core.package_identification:_identify(src) by extension 'python_setup_py'
[0.340s] Level 1:colcon.colcon_core.package_identification:_identify(src/quadruped_gait) by extensions ['ignore', 'ignore_ament_install']
[0.341s] Level 1:colcon.colcon_core.package_identification:_identify(src/quadruped_gait) by extension 'ignore'
[0.341s] Level 1:colcon.colcon_core.package_identification:_identify(src/quadruped_gait) by extension 'ignore_ament_install'
[0.341s] Level 1:colcon.colcon_core.package_identification:_identify(src/quadruped_gait) by extensions ['colcon_pkg']
[0.341s] Level 1:colcon.colcon_core.package_identification:_identify(src/quadruped_gait) by extension 'colcon_pkg'
[0.341s] Level 1:colcon.colcon_core.package_identification:_identify(src/quadruped_gait) by extensions ['colcon_meta']
[0.341s] Level 1:colcon.colcon_core.package_identification:_identify(src/quadruped_gait) by extension 'colcon_meta'
[0.341s] Level 1:colcon.colcon_core.package_identification:_identify(src/quadruped_gait) by extensions ['ros']
[0.341s] Level 1:colcon.colcon_core.package_identification:_identify(src/quadruped_gait) by extension 'ros'
[0.344s] DEBUG:colcon.colcon_core.package_identification:Package 'src/quadruped_gait' with type 'ros.ament_python' and name 'quadruped_gait'
[0.344s] Level 1:colcon.colcon_core.package_identification:_identify(src/ros_file_description) by extensions ['ignore', 'ignore_ament_install']
[0.344s] Level 1:colcon.colcon_core.package_identification:_identify(src/ros_file_description) by extension 'ignore'
[0.344s] Level 1:colcon.colcon_core.package_identification:_identify(src/ros_file_description) by extension 'ignore_ament_install'
[0.344s] Level 1:colcon.colcon_core.package_identification:_identify(src/ros_file_description) by extensions ['colcon_pkg']
[0.344s] Level 1:colcon.colcon_core.package_identification:_identify(src/ros_file_description) by extension 'colcon_pkg'
[0.344s] Level 1:colcon.colcon_core.package_identification:_identify(src/ros_file_description) by extensions ['colcon_meta']
[0.344s] Level 1:colcon.colcon_core.package_identification:_identify(src/ros_file_description) by extension 'colcon_meta'
[0.344s] Level 1:colcon.colcon_core.package_identification:_identify(src/ros_file_description) by extensions ['ros']
[0.344s] Level 1:colcon.colcon_core.package_identification:_identify(src/ros_file_description) by extension 'ros'
[0.345s] DEBUG:colcon.colcon_core.package_identification:Package 'src/ros_file_description' with type 'ros.ament_python' and name 'ros_file_description'
[0.345s] Level 1:colcon.colcon_core.package_discovery:discover_packages(recursive) using defaults
[0.345s] Level 1:colcon.colcon_core.package_discovery:discover_packages(ignore) discover
[0.345s] Level 1:colcon.colcon_core.package_discovery:discover_packages(ignore) using defaults
[0.345s] Level 1:colcon.colcon_core.package_discovery:discover_packages(path) discover
[0.345s] Level 1:colcon.colcon_core.package_discovery:discover_packages(path) using defaults
[0.381s] Level 1:colcon.colcon_core.package_discovery:discover_packages(prefix_path) check parameters
[0.381s] Level 1:colcon.colcon_core.package_discovery:discover_packages(prefix_path) discover
[0.384s] DEBUG:colcon.colcon_installed_package_information.package_discovery:Found 331 installed packages in /opt/ros/humble
[0.385s] Level 1:colcon.colcon_core.package_discovery:discover_packages(prefix_path) using defaults
[0.416s] Level 5:colcon.colcon_core.verb:set package 'quadruped_gait' build argument 'cmake_args' from command line to 'None'
[0.416s] Level 5:colcon.colcon_core.verb:set package 'quadruped_gait' build argument 'cmake_target' from command line to 'None'
[0.416s] Level 5:colcon.colcon_core.verb:set package 'quadruped_gait' build argument 'cmake_target_skip_unavailable' from command line to 'False'
[0.416s] Level 5:colcon.colcon_core.verb:set package 'quadruped_gait' build argument 'cmake_clean_cache' from command line to 'False'
[0.416s] Level 5:colcon.colcon_core.verb:set package 'quadruped_gait' build argument 'cmake_clean_first' from command line to 'False'
[0.416s] Level 5:colcon.colcon_core.verb:set package 'quadruped_gait' build argument 'cmake_force_configure' from command line to 'False'
[0.416s] Level 5:colcon.colcon_core.verb:set package 'quadruped_gait' build argument 'ament_cmake_args' from command line to 'None'
[0.416s] Level 5:colcon.colcon_core.verb:set package 'quadruped_gait' build argument 'catkin_cmake_args' from command line to 'None'
[0.416s] Level 5:colcon.colcon_core.verb:set package 'quadruped_gait' build argument 'catkin_skip_building_tests' from command line to 'False'
[0.416s] DEBUG:colcon.colcon_core.verb:Building package 'quadruped_gait' with the following arguments: {'ament_cmake_args': None, 'build_base': '/home/rithvik/quadruped_ws/build/quadruped_gait', 'catkin_cmake_args': None, 'catkin_skip_building_tests': False, 'cmake_args': None, 'cmake_clean_cache': False, 'cmake_clean_first': False, 'cmake_force_configure': False, 'cmake_target': None, 'cmake_target_skip_unavailable': False, 'install_base': '/home/rithvik/quadruped_ws/install/quadruped_gait', 'merge_install': False, 'path': '/home/rithvik/quadruped_ws/src/quadruped_gait', 'symlink_install': True, 'test_result_base': None}
[0.417s] Level 5:colcon.colcon_core.verb:set package 'ros_file_description' build argument 'cmake_args' from command line to 'None'
[0.417s] Level 5:colcon.colcon_core.verb:set package 'ros_file_description' build argument 'cmake_target' from command line to 'None'
[0.417s] Level 5:colcon.colcon_core.verb:set package 'ros_file_description' build argument 'cmake_target_skip_unavailable' from command line to 'False'
[0.417s] Level 5:colcon.colcon_core.verb:set package 'ros_file_description' build argument 'cmake_clean_cache' from command line to 'False'
[0.417s] Level 5:colcon.colcon_core.verb:set package 'ros_file_description' build argument 'cmake_clean_first' from command line to 'False'
[0.417s] Level 5:colcon.colcon_core.verb:set package 'ros_file_description' build argument 'cmake_force_configure' from command line to 'False'
[0.417s] Level 5:colcon.colcon_core.verb:set package 'ros_file_description' build argument 'ament_cmake_args' from command line to 'None'
[0.417s] Level 5:colcon.colcon_core.verb:set package 'ros_file_description' build argument 'catkin_cmake_args' from command line to 'None'
[0.417s] Level 5:colcon.colcon_core.verb:set package 'ros_file_description' build argument 'catkin_skip_building_tests' from command line to 'False'
[0.417s] DEBUG:colcon.colcon_core.verb:Building package 'ros_file_description' with the following arguments: {'ament_cmake_args': None, 'build_base': '/home/rithvik/quadruped_ws/build/ros_file_description', 'catkin_cmake_args': None, 'catkin_skip_building_tests': False, 'cmake_args': None, 'cmake_clean_cache': False, 'cmake_clean_first': False, 'cmake_force_configure': False, 'cmake_target': None, 'cmake_target_skip_unavailable': False, 'install_base': '/home/rithvik/quadruped_ws/install/ros_file_description', 'merge_install': False, 'path': '/home/rithvik/quadruped_ws/src/ros_file_description', 'symlink_install': True, 'test_result_base': None}
[0.417s] INFO:colcon.colcon_core.executor:Executing jobs using 'parallel' executor
[0.418s] DEBUG:colcon.colcon_parallel_executor.executor.parallel:run_until_complete
[0.419s] INFO:colcon.colcon_ros.task.ament_python.build:Building ROS package in '/home/rithvik/quadruped_ws/src/quadruped_gait' with build type 'ament_python'
[0.419s] Level 1:colcon.colcon_core.shell:create_environment_hook('quadruped_gait', 'ament_prefix_path')
[0.422s] INFO:colcon.colcon_core.plugin_system:Skipping extension 'colcon_core.shell.bat': Not used on non-Windows systems
[0.422s] INFO:colcon.colcon_core.shell:Creating environment hook '/home/rithvik/quadruped_ws/install/quadruped_gait/share/quadruped_gait/hook/ament_prefix_path.ps1'
[0.423s] INFO:colcon.colcon_core.shell:Creating environment descriptor '/home/rithvik/quadruped_ws/install/quadruped_gait/share/quadruped_gait/hook/ament_prefix_path.dsv'
[0.424s] INFO:colcon.colcon_core.shell:Creating environment hook '/home/rithvik/quadruped_ws/install/quadruped_gait/share/quadruped_gait/hook/ament_prefix_path.sh'
[0.425s] INFO:colcon.colcon_core.shell:Skip shell extension 'powershell' for command environment: Not usable outside of PowerShell
[0.425s] DEBUG:colcon.colcon_core.shell:Skip shell extension 'dsv' for command environment
[0.429s] INFO:colcon.colcon_ros.task.ament_python.build:Building ROS package in '/home/rithvik/quadruped_ws/src/ros_file_description' with build type 'ament_python'
[0.429s] Level 1:colcon.colcon_core.shell:create_environment_hook('ros_file_description', 'ament_prefix_path')
[0.430s] INFO:colcon.colcon_core.shell:Creating environment hook '/home/rithvik/quadruped_ws/install/ros_file_description/share/ros_file_description/hook/ament_prefix_path.ps1'
[0.431s] INFO:colcon.colcon_core.shell:Creating environment descriptor '/home/rithvik/quadruped_ws/install/ros_file_description/share/ros_file_description/hook/ament_prefix_path.dsv'
[0.431s] INFO:colcon.colcon_core.shell:Creating environment hook '/home/rithvik/quadruped_ws/install/ros_file_description/share/ros_file_description/hook/ament_prefix_path.sh'
[0.432s] INFO:colcon.colcon_core.shell:Skip shell extension 'powershell' for command environment: Not usable outside of PowerShell
[0.433s] DEBUG:colcon.colcon_core.shell:Skip shell extension 'dsv' for command environment
[0.670s] INFO:colcon.colcon_core.task.python.build:Building Python package in '/home/rithvik/quadruped_ws/src/quadruped_gait'
[0.670s] INFO:colcon.colcon_core.shell:Skip shell extension 'powershell' for command environment: Not usable outside of PowerShell
[0.671s] DEBUG:colcon.colcon_core.shell:Skip shell extension 'dsv' for command environment
[0.875s] INFO:colcon.colcon_core.task.python.build:Building Python package in '/home/rithvik/quadruped_ws/src/ros_file_description'
[0.876s] INFO:colcon.colcon_core.shell:Skip shell extension 'powershell' for command environment: Not usable outside of PowerShell
[0.876s] DEBUG:colcon.colcon_core.shell:Skip shell extension 'dsv' for command environment
[1.307s] DEBUG:colcon.colcon_core.event_handler.log_command:Invoking command in '/home/rithvik/quadruped_ws/build/ros_file_description': PYTHONPATH=/home/rithvik/quadruped_ws/build/ros_file_description/prefix_override:/usr/lib/python3/dist-packages/colcon_core/task/python/colcon_distutils_commands:/home/rithvik/quadruped_ws/install/ros_file_description/lib/python3.10/site-packages:${PYTHONPATH} /usr/bin/python3 -W ignore:setup.py install is deprecated -W ignore:easy_install command is deprecated setup.py develop --editable --build-directory /home/rithvik/quadruped_ws/build/ros_file_description/build --no-deps symlink_data
[1.309s] DEBUG:colcon.colcon_core.event_handler.log_command:Invoking command in '/home/rithvik/quadruped_ws/build/quadruped_gait': PYTHONPATH=/home/rithvik/quadruped_ws/build/quadruped_gait/prefix_override:/usr/lib/python3/dist-packages/colcon_core/task/python/colcon_distutils_commands:/home/rithvik/quadruped_ws/install/quadruped_gait/lib/python3.10/site-packages:${PYTHONPATH} /usr/bin/python3 -W ignore:setup.py install is deprecated -W ignore:easy_install command is deprecated setup.py develop --editable --build-directory /home/rithvik/quadruped_ws/build/quadruped_gait/build --no-deps symlink_data
[1.712s] Level 1:colcon.colcon_core.shell:create_environment_hook('ros_file_description', 'pythonpath_develop')
[1.712s] INFO:colcon.colcon_core.shell:Creating environment hook '/home/rithvik/quadruped_ws/build/ros_file_description/share/ros_file_description/hook/pythonpath_develop.ps1'
[1.712s] DEBUG:colcon.colcon_core.event_handler.log_command:Invoked command in '/home/rithvik/quadruped_ws/build/ros_file_description' returned '0': PYTHONPATH=/home/rithvik/quadruped_ws/build/ros_file_description/prefix_override:/usr/lib/python3/dist-packages/colcon_core/task/python/colcon_distutils_commands:/home/rithvik/quadruped_ws/install/ros_file_description/lib/python3.10/site-packages:${PYTHONPATH} /usr/bin/python3 -W ignore:setup.py install is deprecated -W ignore:easy_install command is deprecated setup.py develop --editable --build-directory /home/rithvik/quadruped_ws/build/ros_file_description/build --no-deps symlink_data
[1.713s] INFO:colcon.colcon_core.shell:Creating environment descriptor '/home/rithvik/quadruped_ws/build/ros_file_description/share/ros_file_description/hook/pythonpath_develop.dsv'
[1.714s] INFO:colcon.colcon_core.shell:Creating environment hook '/home/rithvik/quadruped_ws/build/ros_file_description/share/ros_file_description/hook/pythonpath_develop.sh'
[1.718s] Level 1:colcon.colcon_core.environment:checking '/home/rithvik/quadruped_ws/install/ros_file_description' for CMake module files
[1.718s] Level 1:colcon.colcon_core.environment:checking '/home/rithvik/quadruped_ws/install/ros_file_description' for CMake config files
[1.719s] Level 1:colcon.colcon_core.environment:checking '/home/rithvik/quadruped_ws/install/ros_file_description/lib'
[1.719s] Level 1:colcon.colcon_core.environment:checking '/home/rithvik/quadruped_ws/install/ros_file_description/bin'
[1.719s] Level 1:colcon.colcon_core.environment:checking '/home/rithvik/quadruped_ws/install/ros_file_description/lib/pkgconfig/ros_file_description.pc'
[1.719s] Level 1:colcon.colcon_core.environment:checking '/home/rithvik/quadruped_ws/install/ros_file_description/lib/python3.10/site-packages'
[1.719s] Level 1:colcon.colcon_core.shell:create_environment_hook('ros_file_description', 'pythonpath')
[1.719s] INFO:colcon.colcon_core.shell:Creating environment hook '/home/rithvik/quadruped_ws/install/ros_file_description/share/ros_file_description/hook/pythonpath.ps1'
[1.720s] INFO:colcon.colcon_core.shell:Creating environment descriptor '/home/rithvik/quadruped_ws/install/ros_file_description/share/ros_file_description/hook/pythonpath.dsv'
[1.720s] INFO:colcon.colcon_core.shell:Creating environment hook '/home/rithvik/quadruped_ws/install/ros_file_description/share/ros_file_description/hook/pythonpath.sh'
[1.721s] Level 1:colcon.colcon_core.environment:checking '/home/rithvik/quadruped_ws/install/ros_file_description/bin'
[1.721s] Level 1:colcon.colcon_core.environment:create_environment_scripts_only(ros_file_description)
[1.721s] INFO:colcon.colcon_core.shell:Creating package script '/home/rithvik/quadruped_ws/install/ros_file_description/share/ros_file_description/package.ps1'
[1.722s] INFO:colcon.colcon_core.shell:Creating package descriptor '/home/rithvik/quadruped_ws/install/ros_file_description/share/ros_file_description/package.dsv'
[1.723s] INFO:colcon.colcon_core.shell:Creating package script '/home/rithvik/quadruped_ws/install/ros_file_description/share/ros_file_description/package.sh'
[1.723s] INFO:colcon.colcon_core.shell:Creating package script '/home/rithvik/quadruped_ws/install/ros_file_description/share/ros_file_description/package.bash'
[1.724s] INFO:colcon.colcon_core.shell:Creating package script '/home/rithvik/quadruped_ws/install/ros_file_description/share/ros_file_description/package.zsh'
[1.725s] Level 1:colcon.colcon_core.environment:create_file_with_runtime_dependencies(/home/rithvik/quadruped_ws/install/ros_file_description/share/colcon-core/packages/ros_file_description)
[1.729s] Level 1:colcon.colcon_core.shell:create_environment_hook('quadruped_gait', 'pythonpath_develop')
[1.729s] INFO:colcon.colcon_core.shell:Creating environment hook '/home/rithvik/quadruped_ws/build/quadruped_gait/share/quadruped_gait/hook/pythonpath_develop.ps1'
[1.730s] DEBUG:colcon.colcon_core.event_handler.log_command:Invoked command in '/home/rithvik/quadruped_ws/build/quadruped_gait' returned '0': PYTHONPATH=/home/rithvik/quadruped_ws/build/quadruped_gait/prefix_override:/usr/lib/python3/dist-packages/colcon_core/task/python/colcon_distutils_commands:/home/rithvik/quadruped_ws/install/quadruped_gait/lib/python3.10/site-packages:${PYTHONPATH} /usr/bin/python3 -W ignore:setup.py install is deprecated -W ignore:easy_install command is deprecated setup.py develop --editable --build-directory /home/rithvik/quadruped_ws/build/quadruped_gait/build --no-deps symlink_data
[1.730s] INFO:colcon.colcon_core.shell:Creating environment descriptor '/home/rithvik/quadruped_ws/build/quadruped_gait/share/quadruped_gait/hook/pythonpath_develop.dsv'
[1.730s] INFO:colcon.colcon_core.shell:Creating environment hook '/home/rithvik/quadruped_ws/build/quadruped_gait/share/quadruped_gait/hook/pythonpath_develop.sh'
[1.731s] Level 1:colcon.colcon_core.environment:checking '/home/rithvik/quadruped_ws/install/quadruped_gait' for CMake module files
[1.733s] Level 1:colcon.colcon_core.environment:checking '/home/rithvik/quadruped_ws/install/quadruped_gait' for CMake config files
[1.734s] Level 1:colcon.colcon_core.environment:checking '/home/rithvik/quadruped_ws/install/quadruped_gait/lib'
[1.734s] Level 1:colcon.colcon_core.environment:checking '/home/rithvik/quadruped_ws/install/quadruped_gait/bin'
[1.734s] Level 1:colcon.colcon_core.environment:checking '/home/rithvik/quadruped_ws/install/quadruped_gait/lib/pkgconfig/quadruped_gait.pc'
[1.734s] Level 1:colcon.colcon_core.environment:checking '/home/rithvik/quadruped_ws/install/quadruped_gait/lib/python3.10/site-packages'
[1.734s] Level 1:colcon.colcon_core.shell:create_environment_hook('quadruped_gait', 'pythonpath')
[1.735s] INFO:colcon.colcon_core.shell:Creating environment hook '/home/rithvik/quadruped_ws/install/quadruped_gait/share/quadruped_gait/hook/pythonpath.ps1'
[1.736s] INFO:colcon.colcon_core.shell:Creating environment descriptor '/home/rithvik/quadruped_ws/install/quadruped_gait/share/quadruped_gait/hook/pythonpath.dsv'
[1.737s] INFO:colcon.colcon_core.shell:Creating environment hook '/home/rithvik/quadruped_ws/install/quadruped_gait/share/quadruped_gait/hook/pythonpath.sh'
[1.738s] Level 1:colcon.colcon_core.environment:checking '/home/rithvik/quadruped_ws/install/quadruped_gait/bin'
[1.738s] Level 1:colcon.colcon_core.environment:create_environment_scripts_only(quadruped_gait)
[1.738s] INFO:colcon.colcon_core.shell:Creating package script '/home/rithvik/quadruped_ws/install/quadruped_gait/share/quadruped_gait/package.ps1'
[1.739s] INFO:colcon.colcon_core.shell:Creating package descriptor '/home/rithvik/quadruped_ws/install/quadruped_gait/share/quadruped_gait/package.dsv'
[1.740s] INFO:colcon.colcon_core.shell:Creating package script '/home/rithvik/quadruped_ws/install/quadruped_gait/share/quadruped_gait/package.sh'
[1.740s] INFO:colcon.colcon_core.shell:Creating package script '/home/rithvik/quadruped_ws/install/quadruped_gait/share/quadruped_gait/package.bash'
[1.741s] INFO:colcon.colcon_core.shell:Creating package script '/home/rithvik/quadruped_ws/install/quadruped_gait/share/quadruped_gait/package.zsh'
[1.741s] Level 1:colcon.colcon_core.environment:create_file_with_runtime_dependencies(/home/rithvik/quadruped_ws/install/quadruped_gait/share/colcon-core/packages/quadruped_gait)
[1.742s] DEBUG:colcon.colcon_parallel_executor.executor.parallel:closing loop
[1.742s] DEBUG:colcon.colcon_parallel_executor.executor.parallel:loop closed
[1.742s] DEBUG:colcon.colcon_parallel_executor.executor.parallel:run_until_complete finished with '0'
[1.742s] DEBUG:colcon.colcon_core.event_reactor:joining thread
[1.746s] INFO:colcon.colcon_core.plugin_system:Skipping extension 'colcon_notification.desktop_notification.terminal_notifier': Not used on non-Darwin systems
[1.746s] INFO:colcon.colcon_core.plugin_system:Skipping extension 'colcon_notification.desktop_notification.win32': Not used on non-Windows systems
[1.747s] INFO:colcon.colcon_notification.desktop_notification:Sending desktop notification using 'notify2'
[1.759s] DEBUG:colcon.colcon_core.event_reactor:joined thread
[1.759s] INFO:colcon.colcon_core.shell:Creating prefix script '/home/rithvik/quadruped_ws/install/local_setup.ps1'
[1.760s] INFO:colcon.colcon_core.shell:Creating prefix util module '/home/rithvik/quadruped_ws/install/_local_setup_util_ps1.py'
[1.762s] INFO:colcon.colcon_core.shell:Creating prefix chain script '/home/rithvik/quadruped_ws/install/setup.ps1'
[1.764s] INFO:colcon.colcon_core.shell:Creating prefix script '/home/rithvik/quadruped_ws/install/local_setup.sh'
[1.767s] INFO:colcon.colcon_core.shell:Creating prefix util module '/home/rithvik/quadruped_ws/install/_local_setup_util_sh.py'
[1.772s] INFO:colcon.colcon_core.shell:Creating prefix chain script '/home/rithvik/quadruped_ws/install/setup.sh'
[1.774s] INFO:colcon.colcon_core.shell:Creating prefix script '/home/rithvik/quadruped_ws/install/local_setup.bash'
[1.774s] INFO:colcon.colcon_core.shell:Creating prefix chain script '/home/rithvik/quadruped_ws/install/setup.bash'
[1.776s] INFO:colcon.colcon_core.shell:Creating prefix script '/home/rithvik/quadruped_ws/install/local_setup.zsh'
[1.778s] INFO:colcon.colcon_core.shell:Creating prefix chain script '/home/rithvik/quadruped_ws/install/setup.zsh'
