running develop
running egg_info
creating quadruped_gait.egg-info
writing quadruped_gait.egg-info/PKG-INFO
writing dependency_links to quadruped_gait.egg-info/dependency_links.txt
writing entry points to quadruped_gait.egg-info/entry_points.txt
writing requirements to quadruped_gait.egg-info/requires.txt
writing top-level names to quadruped_gait.egg-info/top_level.txt
writing manifest file 'quadruped_gait.egg-info/SOURCES.txt'
reading manifest file 'quadruped_gait.egg-info/SOURCES.txt'
writing manifest file 'quadruped_gait.egg-info/SOURCES.txt'
running build_ext
Creating /home/rithvik/quadruped_ws/install/quadruped_gait/lib/python3.10/site-packages/quadruped-gait.egg-link (link to .)
Installing one_leg_gait script to /home/rithvik/quadruped_ws/install/quadruped_gait/lib/quadruped_gait
Installing walk_gait script to /home/rithvik/quadruped_ws/install/quadruped_gait/lib/quadruped_gait

Installed /home/rithvik/quadruped_ws/build/quadruped_gait
running symlink_data
creating /home/rithvik/quadruped_ws/install/quadruped_gait/share/ament_index
creating /home/rithvik/quadruped_ws/install/quadruped_gait/share/ament_index/resource_index
creating /home/rithvik/quadruped_ws/install/quadruped_gait/share/ament_index/resource_index/packages
symbolically linking /home/rithvik/quadruped_ws/build/quadruped_gait/resource/quadruped_gait -> /home/rithvik/quadruped_ws/install/quadruped_gait/share/ament_index/resource_index/packages
symbolically linking /home/rithvik/quadruped_ws/build/quadruped_gait/package.xml -> /home/rithvik/quadruped_ws/install/quadruped_gait/share/quadruped_gait
