[0.591s] Invoking command in '/home/rithvik/quadruped_ws/build/quadruped_gait': PYTHONPATH=/home/rithvik/quadruped_ws/build/quadruped_gait/prefix_override:/usr/lib/python3/dist-packages/colcon_core/task/python/colcon_distutils_commands:/home/rithvik/quadruped_ws/install/quadruped_gait/lib/python3.10/site-packages:${PYTHONPATH} /usr/bin/python3 -W ignore:setup.py install is deprecated -W ignore:easy_install command is deprecated setup.py develop --editable --build-directory /home/rithvik/quadruped_ws/build/quadruped_gait/build --no-deps symlink_data
[0.758s] running develop
[0.856s] running egg_info
[0.856s] creating quadruped_gait.egg-info
[0.856s] writing quadruped_gait.egg-info/PKG-INFO
[0.856s] writing dependency_links to quadruped_gait.egg-info/dependency_links.txt
[0.856s] writing entry points to quadruped_gait.egg-info/entry_points.txt
[0.857s] writing requirements to quadruped_gait.egg-info/requires.txt
[0.857s] writing top-level names to quadruped_gait.egg-info/top_level.txt
[0.857s] writing manifest file 'quadruped_gait.egg-info/SOURCES.txt'
[0.858s] reading manifest file 'quadruped_gait.egg-info/SOURCES.txt'
[0.858s] writing manifest file 'quadruped_gait.egg-info/SOURCES.txt'
[0.859s] running build_ext
[0.859s] Creating /home/rithvik/quadruped_ws/install/quadruped_gait/lib/python3.10/site-packages/quadruped-gait.egg-link (link to .)
[0.860s] Installing one_leg_gait script to /home/rithvik/quadruped_ws/install/quadruped_gait/lib/quadruped_gait
[0.860s] Installing walk_gait script to /home/rithvik/quadruped_ws/install/quadruped_gait/lib/quadruped_gait
[0.860s] 
[0.860s] Installed /home/rithvik/quadruped_ws/build/quadruped_gait
[0.860s] running symlink_data
[0.860s] creating /home/rithvik/quadruped_ws/install/quadruped_gait/share/ament_index
[0.860s] creating /home/rithvik/quadruped_ws/install/quadruped_gait/share/ament_index/resource_index
[0.860s] creating /home/rithvik/quadruped_ws/install/quadruped_gait/share/ament_index/resource_index/packages
[0.860s] symbolically linking /home/rithvik/quadruped_ws/build/quadruped_gait/resource/quadruped_gait -> /home/rithvik/quadruped_ws/install/quadruped_gait/share/ament_index/resource_index/packages
[0.860s] symbolically linking /home/rithvik/quadruped_ws/build/quadruped_gait/package.xml -> /home/rithvik/quadruped_ws/install/quadruped_gait/share/quadruped_gait
[0.891s] Invoked command in '/home/rithvik/quadruped_ws/build/quadruped_gait' returned '0': PYTHONPATH=/home/rithvik/quadruped_ws/build/quadruped_gait/prefix_override:/usr/lib/python3/dist-packages/colcon_core/task/python/colcon_distutils_commands:/home/rithvik/quadruped_ws/install/quadruped_gait/lib/python3.10/site-packages:${PYTHONPATH} /usr/bin/python3 -W ignore:setup.py install is deprecated -W ignore:easy_install command is deprecated setup.py develop --editable --build-directory /home/rithvik/quadruped_ws/build/quadruped_gait/build --no-deps symlink_data
