[0.730s] Invoking command in '/home/rithvik/quadruped_ws/build/quadruped_gait': PYTHONPATH=/home/rithvik/quadruped_ws/build/quadruped_gait/prefix_override:/usr/lib/python3/dist-packages/colcon_core/task/python/colcon_distutils_commands:/home/rithvik/quadruped_ws/install/quadruped_gait/lib/python3.10/site-packages:${PYTHONPATH} /usr/bin/python3 -W ignore:setup.py install is deprecated -W ignore:easy_install command is deprecated setup.py develop --editable --build-directory /home/rithvik/quadruped_ws/build/quadruped_gait/build --no-deps symlink_data --force
[0.922s] running develop
[1.040s] running egg_info
[1.040s] writing quadruped_gait.egg-info/PKG-INFO
[1.040s] writing dependency_links to quadruped_gait.egg-info/dependency_links.txt
[1.040s] writing entry points to quadruped_gait.egg-info/entry_points.txt
[1.040s] writing requirements to quadruped_gait.egg-info/requires.txt
[1.040s] writing top-level names to quadruped_gait.egg-info/top_level.txt
[1.042s] reading manifest file 'quadruped_gait.egg-info/SOURCES.txt'
[1.042s] writing manifest file 'quadruped_gait.egg-info/SOURCES.txt'
[1.044s] running build_ext
[1.044s] Creating /home/rithvik/quadruped_ws/install/quadruped_gait/lib/python3.10/site-packages/quadruped-gait.egg-link (link to .)
[1.045s] Installing one_leg_gait script to /home/rithvik/quadruped_ws/install/quadruped_gait/lib/quadruped_gait
[1.045s] Installing walk_gait script to /home/rithvik/quadruped_ws/install/quadruped_gait/lib/quadruped_gait
[1.045s] 
[1.045s] Installed /home/rithvik/quadruped_ws/build/quadruped_gait
[1.045s] running symlink_data
[1.045s] symbolically linking /home/rithvik/quadruped_ws/build/quadruped_gait/resource/quadruped_gait -> /home/rithvik/quadruped_ws/install/quadruped_gait/share/ament_index/resource_index/packages
[1.045s] symbolically linking /home/rithvik/quadruped_ws/build/quadruped_gait/package.xml -> /home/rithvik/quadruped_ws/install/quadruped_gait/share/quadruped_gait
[1.090s] Invoked command in '/home/rithvik/quadruped_ws/build/quadruped_gait' returned '0': PYTHONPATH=/home/rithvik/quadruped_ws/build/quadruped_gait/prefix_override:/usr/lib/python3/dist-packages/colcon_core/task/python/colcon_distutils_commands:/home/rithvik/quadruped_ws/install/quadruped_gait/lib/python3.10/site-packages:${PYTHONPATH} /usr/bin/python3 -W ignore:setup.py install is deprecated -W ignore:easy_install command is deprecated setup.py develop --editable --build-directory /home/rithvik/quadruped_ws/build/quadruped_gait/build --no-deps symlink_data --force
