running develop
running egg_info
writing ros_file_description.egg-info/PKG-INFO
writing dependency_links to ros_file_description.egg-info/dependency_links.txt
writing entry points to ros_file_description.egg-info/entry_points.txt
writing requirements to ros_file_description.egg-info/requires.txt
writing top-level names to ros_file_description.egg-info/top_level.txt
reading manifest file 'ros_file_description.egg-info/SOURCES.txt'
writing manifest file 'ros_file_description.egg-info/SOURCES.txt'
running build_ext
Creating /home/rithvik/quadruped_ws/install/ros_file_description/lib/python3.10/site-packages/ros-file-description.egg-link (link to .)

Installed /home/rithvik/quadruped_ws/build/ros_file_description
running symlink_data
symbolically linking /home/rithvik/quadruped_ws/build/ros_file_description/resource/ros_file_description -> /home/rithvik/quadruped_ws/install/ros_file_description/share/ament_index/resource_index/packages
symbolically linking /home/rithvik/quadruped_ws/build/ros_file_description/package.xml -> /home/rithvik/quadruped_ws/install/ros_file_description/share/ros_file_description
symbolically linking /home/rithvik/quadruped_ws/build/ros_file_description/launch/gazebo.launch.py -> /home/rithvik/quadruped_ws/install/ros_file_description/share/ros_file_description/launch
symbolically linking /home/rithvik/quadruped_ws/build/ros_file_description/launch/display.launch.py -> /home/rithvik/quadruped_ws/install/ros_file_description/share/ros_file_description/launch
symbolically linking /home/rithvik/quadruped_ws/build/ros_file_description/urdf/ros_file.xacro -> /home/rithvik/quadruped_ws/install/ros_file_description/share/ros_file_description/urdf
symbolically linking /home/rithvik/quadruped_ws/build/ros_file_description/urdf/materials.xacro -> /home/rithvik/quadruped_ws/install/ros_file_description/share/ros_file_description/urdf
symbolically linking /home/rithvik/quadruped_ws/build/ros_file_description/urdf/ros_file.gazebo -> /home/rithvik/quadruped_ws/install/ros_file_description/share/ros_file_description/urdf
symbolically linking /home/rithvik/quadruped_ws/build/ros_file_description/urdf/ros_file.trans -> /home/rithvik/quadruped_ws/install/ros_file_description/share/ros_file_description/urdf
symbolically linking /home/rithvik/quadruped_ws/build/ros_file_description/meshes/lr_foot_1.stl -> /home/rithvik/quadruped_ws/install/ros_file_description/share/ros_file_description/meshes
symbolically linking /home/rithvik/quadruped_ws/build/ros_file_description/meshes/b_s4_1.stl -> /home/rithvik/quadruped_ws/install/ros_file_description/share/ros_file_description/meshes
symbolically linking /home/rithvik/quadruped_ws/build/ros_file_description/meshes/rr_thigh_1.stl -> /home/rithvik/quadruped_ws/install/ros_file_description/share/ros_file_description/meshes
symbolically linking /home/rithvik/quadruped_ws/build/ros_file_description/meshes/b_s3_c_horn_1.stl -> /home/rithvik/quadruped_ws/install/ros_file_description/share/ros_file_description/meshes
symbolically linking /home/rithvik/quadruped_ws/build/ros_file_description/meshes/lf_holder_suppor1_1.stl -> /home/rithvik/quadruped_ws/install/ros_file_description/share/ros_file_description/meshes
symbolically linking /home/rithvik/quadruped_ws/build/ros_file_description/meshes/b_s3_1.stl -> /home/rithvik/quadruped_ws/install/ros_file_description/share/ros_file_description/meshes
symbolically linking /home/rithvik/quadruped_ws/build/ros_file_description/meshes/b_s2_1.stl -> /home/rithvik/quadruped_ws/install/ros_file_description/share/ros_file_description/meshes
symbolically linking /home/rithvik/quadruped_ws/build/ros_file_description/meshes/rr_holder_1.stl -> /home/rithvik/quadruped_ws/install/ros_file_description/share/ros_file_description/meshes
symbolically linking /home/rithvik/quadruped_ws/build/ros_file_description/meshes/lr_thigh_1.stl -> /home/rithvik/quadruped_ws/install/ros_file_description/share/ros_file_description/meshes
symbolically linking /home/rithvik/quadruped_ws/build/ros_file_description/meshes/lr_holder_suppor1_1.stl -> /home/rithvik/quadruped_ws/install/ros_file_description/share/ros_file_description/meshes
symbolically linking /home/rithvik/quadruped_ws/build/ros_file_description/meshes/lf_c_horn_1.stl -> /home/rithvik/quadruped_ws/install/ros_file_description/share/ros_file_description/meshes
symbolically linking /home/rithvik/quadruped_ws/build/ros_file_description/meshes/rf_thigh_1.stl -> /home/rithvik/quadruped_ws/install/ros_file_description/share/ros_file_description/meshes
symbolically linking /home/rithvik/quadruped_ws/build/ros_file_description/meshes/lr_holder_1.stl -> /home/rithvik/quadruped_ws/install/ros_file_description/share/ros_file_description/meshes
symbolically linking /home/rithvik/quadruped_ws/build/ros_file_description/meshes/b_s1_1.stl -> /home/rithvik/quadruped_ws/install/ros_file_description/share/ros_file_description/meshes
symbolically linking /home/rithvik/quadruped_ws/build/ros_file_description/meshes/lf_holder_1.stl -> /home/rithvik/quadruped_ws/install/ros_file_description/share/ros_file_description/meshes
symbolically linking /home/rithvik/quadruped_ws/build/ros_file_description/meshes/rr_foot_1.stl -> /home/rithvik/quadruped_ws/install/ros_file_description/share/ros_file_description/meshes
symbolically linking /home/rithvik/quadruped_ws/build/ros_file_description/meshes/rf_holder_1.stl -> /home/rithvik/quadruped_ws/install/ros_file_description/share/ros_file_description/meshes
symbolically linking /home/rithvik/quadruped_ws/build/ros_file_description/meshes/rr_holder_suppor1_1.stl -> /home/rithvik/quadruped_ws/install/ros_file_description/share/ros_file_description/meshes
symbolically linking /home/rithvik/quadruped_ws/build/ros_file_description/meshes/b_s4_c_horn_1.stl -> /home/rithvik/quadruped_ws/install/ros_file_description/share/ros_file_description/meshes
symbolically linking /home/rithvik/quadruped_ws/build/ros_file_description/meshes/rr_c_horn_1.stl -> /home/rithvik/quadruped_ws/install/ros_file_description/share/ros_file_description/meshes
symbolically linking /home/rithvik/quadruped_ws/build/ros_file_description/meshes/lr_c_horn_1.stl -> /home/rithvik/quadruped_ws/install/ros_file_description/share/ros_file_description/meshes
symbolically linking /home/rithvik/quadruped_ws/build/ros_file_description/meshes/b_s2_c_horn_1.stl -> /home/rithvik/quadruped_ws/install/ros_file_description/share/ros_file_description/meshes
symbolically linking /home/rithvik/quadruped_ws/build/ros_file_description/meshes/lf_thigh_1.stl -> /home/rithvik/quadruped_ws/install/ros_file_description/share/ros_file_description/meshes
symbolically linking /home/rithvik/quadruped_ws/build/ros_file_description/meshes/base_link.stl -> /home/rithvik/quadruped_ws/install/ros_file_description/share/ros_file_description/meshes
symbolically linking /home/rithvik/quadruped_ws/build/ros_file_description/meshes/rf_c_horn_1.stl -> /home/rithvik/quadruped_ws/install/ros_file_description/share/ros_file_description/meshes
symbolically linking /home/rithvik/quadruped_ws/build/ros_file_description/meshes/b_s1_c_horn_1.stl -> /home/rithvik/quadruped_ws/install/ros_file_description/share/ros_file_description/meshes
symbolically linking /home/rithvik/quadruped_ws/build/ros_file_description/meshes/top_1.stl -> /home/rithvik/quadruped_ws/install/ros_file_description/share/ros_file_description/meshes
symbolically linking /home/rithvik/quadruped_ws/build/ros_file_description/meshes/rf_foot_1.stl -> /home/rithvik/quadruped_ws/install/ros_file_description/share/ros_file_description/meshes
symbolically linking /home/rithvik/quadruped_ws/build/ros_file_description/meshes/lf_foot_1.stl -> /home/rithvik/quadruped_ws/install/ros_file_description/share/ros_file_description/meshes
symbolically linking /home/rithvik/quadruped_ws/build/ros_file_description/meshes/rf_holder_suppor1_1.stl -> /home/rithvik/quadruped_ws/install/ros_file_description/share/ros_file_description/meshes
symbolically linking /home/rithvik/quadruped_ws/build/ros_file_description/config/display.rviz -> /home/rithvik/quadruped_ws/install/ros_file_description/share/ros_file_description/config
symbolically linking /home/rithvik/quadruped_ws/build/ros_file_description/config/gazebo.rviz -> /home/rithvik/quadruped_ws/install/ros_file_description/share/ros_file_description/config
symbolically linking /home/rithvik/quadruped_ws/build/ros_file_description/config/controllers.yaml -> /home/rithvik/quadruped_ws/install/ros_file_description/share/ros_file_description/config
symbolically linking /home/rithvik/quadruped_ws/build/ros_file_description/config/ros_gz_bridge_gazebo.yaml -> /home/rithvik/quadruped_ws/install/ros_file_description/share/ros_file_description/config
