[0.068s] DEBUG:colcon:Command line arguments: ['/usr/bin/colcon', 'build']
[0.068s] DEBUG:colcon:Parsed command line arguments: Namespace(log_base=None, log_level=None, verb_name='build', build_base='build', install_base='install', merge_install=False, symlink_install=False, test_result_base=None, continue_on_error=False, executor='parallel', parallel_workers=8, event_handlers=None, ignore_user_meta=False, metas=['./colcon.meta'], base_paths=['.'], packages_ignore=None, packages_ignore_regex=None, paths=None, packages_up_to=None, packages_up_to_regex=None, packages_above=None, packages_above_and_dependencies=None, packages_above_depth=None, packages_select_by_dep=None, packages_skip_by_dep=None, packages_skip_up_to=None, packages_select_build_failed=False, packages_skip_build_finished=False, packages_select_test_failures=False, packages_skip_test_passed=False, packages_select=None, packages_skip=None, packages_select_regex=None, packages_skip_regex=None, packages_start=None, packages_end=None, allow_overriding=[], cmake_args=None, cmake_target=None, cmake_target_skip_unavailable=False, cmake_clean_cache=False, cmake_clean_first=False, cmake_force_configure=False, ament_cmake_args=None, catkin_cmake_args=None, catkin_skip_building_tests=False, verb_parser=<colcon_defaults.argument_parser.defaults.DefaultArgumentsDecorator object at 0x791e62e0bb80>, verb_extension=<colcon_core.verb.build.BuildVerb object at 0x791e62fdd2d0>, main=<bound method BuildVerb.main of <colcon_core.verb.build.BuildVerb object at 0x791e62fdd2d0>>)
[0.207s] Level 1:colcon.colcon_core.package_discovery:discover_packages(colcon_meta) check parameters
[0.207s] Level 1:colcon.colcon_core.package_discovery:discover_packages(recursive) check parameters
[0.207s] Level 1:colcon.colcon_core.package_discovery:discover_packages(ignore) check parameters
[0.207s] Level 1:colcon.colcon_core.package_discovery:discover_packages(path) check parameters
[0.207s] Level 1:colcon.colcon_core.package_discovery:discover_packages(colcon_meta) discover
[0.207s] Level 1:colcon.colcon_core.package_discovery:discover_packages(recursive) discover
[0.207s] INFO:colcon.colcon_core.package_discovery:Crawling recursively for packages in '/home/rithvik/quadruped_ws'
[0.207s] Level 1:colcon.colcon_core.package_identification:_identify(.) by extensions ['ignore', 'ignore_ament_install']
[0.208s] Level 1:colcon.colcon_core.package_identification:_identify(.) by extension 'ignore'
[0.208s] Level 1:colcon.colcon_core.package_identification:_identify(.) by extension 'ignore_ament_install'
[0.208s] Level 1:colcon.colcon_core.package_identification:_identify(.) by extensions ['colcon_pkg']
[0.208s] Level 1:colcon.colcon_core.package_identification:_identify(.) by extension 'colcon_pkg'
[0.208s] Level 1:colcon.colcon_core.package_identification:_identify(.) by extensions ['colcon_meta']
[0.208s] Level 1:colcon.colcon_core.package_identification:_identify(.) by extension 'colcon_meta'
[0.208s] Level 1:colcon.colcon_core.package_identification:_identify(.) by extensions ['ros']
[0.208s] Level 1:colcon.colcon_core.package_identification:_identify(.) by extension 'ros'
[0.219s] Level 1:colcon.colcon_core.package_identification:_identify(.) by extensions ['cmake', 'python']
[0.220s] Level 1:colcon.colcon_core.package_identification:_identify(.) by extension 'cmake'
[0.220s] Level 1:colcon.colcon_core.package_identification:_identify(.) by extension 'python'
[0.220s] Level 1:colcon.colcon_core.package_identification:_identify(.) by extensions ['python_setup_py']
[0.220s] Level 1:colcon.colcon_core.package_identification:_identify(.) by extension 'python_setup_py'
[0.220s] Level 1:colcon.colcon_core.package_identification:_identify(build) by extensions ['ignore', 'ignore_ament_install']
[0.220s] Level 1:colcon.colcon_core.package_identification:_identify(build) by extension 'ignore'
[0.220s] Level 1:colcon.colcon_core.package_identification:_identify(build) ignored
[0.220s] Level 1:colcon.colcon_core.package_identification:_identify(install) by extensions ['ignore', 'ignore_ament_install']
[0.220s] Level 1:colcon.colcon_core.package_identification:_identify(install) by extension 'ignore'
[0.220s] Level 1:colcon.colcon_core.package_identification:_identify(install) ignored
[0.220s] Level 1:colcon.colcon_core.package_identification:_identify(log) by extensions ['ignore', 'ignore_ament_install']
[0.220s] Level 1:colcon.colcon_core.package_identification:_identify(log) by extension 'ignore'
[0.220s] Level 1:colcon.colcon_core.package_identification:_identify(log) ignored
[0.220s] Level 1:colcon.colcon_core.package_identification:_identify(src) by extensions ['ignore', 'ignore_ament_install']
[0.220s] Level 1:colcon.colcon_core.package_identification:_identify(src) by extension 'ignore'
[0.220s] Level 1:colcon.colcon_core.package_identification:_identify(src) by extension 'ignore_ament_install'
[0.220s] Level 1:colcon.colcon_core.package_identification:_identify(src) by extensions ['colcon_pkg']
[0.220s] Level 1:colcon.colcon_core.package_identification:_identify(src) by extension 'colcon_pkg'
[0.220s] Level 1:colcon.colcon_core.package_identification:_identify(src) by extensions ['colcon_meta']
[0.220s] Level 1:colcon.colcon_core.package_identification:_identify(src) by extension 'colcon_meta'
[0.220s] Level 1:colcon.colcon_core.package_identification:_identify(src) by extensions ['ros']
[0.220s] Level 1:colcon.colcon_core.package_identification:_identify(src) by extension 'ros'
[0.220s] Level 1:colcon.colcon_core.package_identification:_identify(src) by extensions ['cmake', 'python']
[0.220s] Level 1:colcon.colcon_core.package_identification:_identify(src) by extension 'cmake'
[0.220s] Level 1:colcon.colcon_core.package_identification:_identify(src) by extension 'python'
[0.220s] Level 1:colcon.colcon_core.package_identification:_identify(src) by extensions ['python_setup_py']
[0.221s] Level 1:colcon.colcon_core.package_identification:_identify(src) by extension 'python_setup_py'
[0.221s] Level 1:colcon.colcon_core.package_identification:_identify(src/quadruped_gait) by extensions ['ignore', 'ignore_ament_install']
[0.221s] Level 1:colcon.colcon_core.package_identification:_identify(src/quadruped_gait) by extension 'ignore'
[0.221s] Level 1:colcon.colcon_core.package_identification:_identify(src/quadruped_gait) by extension 'ignore_ament_install'
[0.221s] Level 1:colcon.colcon_core.package_identification:_identify(src/quadruped_gait) by extensions ['colcon_pkg']
[0.221s] Level 1:colcon.colcon_core.package_identification:_identify(src/quadruped_gait) by extension 'colcon_pkg'
[0.221s] Level 1:colcon.colcon_core.package_identification:_identify(src/quadruped_gait) by extensions ['colcon_meta']
[0.221s] Level 1:colcon.colcon_core.package_identification:_identify(src/quadruped_gait) by extension 'colcon_meta'
[0.221s] Level 1:colcon.colcon_core.package_identification:_identify(src/quadruped_gait) by extensions ['ros']
[0.221s] Level 1:colcon.colcon_core.package_identification:_identify(src/quadruped_gait) by extension 'ros'
[0.223s] DEBUG:colcon.colcon_core.package_identification:Package 'src/quadruped_gait' with type 'ros.ament_python' and name 'quadruped_gait'
[0.223s] Level 1:colcon.colcon_core.package_identification:_identify(src/ros_file_description) by extensions ['ignore', 'ignore_ament_install']
[0.223s] Level 1:colcon.colcon_core.package_identification:_identify(src/ros_file_description) by extension 'ignore'
[0.223s] Level 1:colcon.colcon_core.package_identification:_identify(src/ros_file_description) by extension 'ignore_ament_install'
[0.223s] Level 1:colcon.colcon_core.package_identification:_identify(src/ros_file_description) by extensions ['colcon_pkg']
[0.223s] Level 1:colcon.colcon_core.package_identification:_identify(src/ros_file_description) by extension 'colcon_pkg'
[0.223s] Level 1:colcon.colcon_core.package_identification:_identify(src/ros_file_description) by extensions ['colcon_meta']
[0.223s] Level 1:colcon.colcon_core.package_identification:_identify(src/ros_file_description) by extension 'colcon_meta'
[0.223s] Level 1:colcon.colcon_core.package_identification:_identify(src/ros_file_description) by extensions ['ros']
[0.223s] Level 1:colcon.colcon_core.package_identification:_identify(src/ros_file_description) by extension 'ros'
[0.224s] DEBUG:colcon.colcon_core.package_identification:Package 'src/ros_file_description' with type 'ros.ament_python' and name 'ros_file_description'
[0.224s] Level 1:colcon.colcon_core.package_discovery:discover_packages(recursive) using defaults
[0.224s] Level 1:colcon.colcon_core.package_discovery:discover_packages(ignore) discover
[0.224s] Level 1:colcon.colcon_core.package_discovery:discover_packages(ignore) using defaults
[0.224s] Level 1:colcon.colcon_core.package_discovery:discover_packages(path) discover
[0.224s] Level 1:colcon.colcon_core.package_discovery:discover_packages(path) using defaults
[0.246s] Level 1:colcon.colcon_core.package_discovery:discover_packages(prefix_path) check parameters
[0.246s] Level 1:colcon.colcon_core.package_discovery:discover_packages(prefix_path) discover
[0.248s] DEBUG:colcon.colcon_installed_package_information.package_discovery:Found 331 installed packages in /opt/ros/humble
[0.249s] Level 1:colcon.colcon_core.package_discovery:discover_packages(prefix_path) using defaults
[0.274s] Level 5:colcon.colcon_core.verb:set package 'quadruped_gait' build argument 'cmake_args' from command line to 'None'
[0.274s] Level 5:colcon.colcon_core.verb:set package 'quadruped_gait' build argument 'cmake_target' from command line to 'None'
[0.274s] Level 5:colcon.colcon_core.verb:set package 'quadruped_gait' build argument 'cmake_target_skip_unavailable' from command line to 'False'
[0.274s] Level 5:colcon.colcon_core.verb:set package 'quadruped_gait' build argument 'cmake_clean_cache' from command line to 'False'
[0.274s] Level 5:colcon.colcon_core.verb:set package 'quadruped_gait' build argument 'cmake_clean_first' from command line to 'False'
[0.274s] Level 5:colcon.colcon_core.verb:set package 'quadruped_gait' build argument 'cmake_force_configure' from command line to 'False'
[0.274s] Level 5:colcon.colcon_core.verb:set package 'quadruped_gait' build argument 'ament_cmake_args' from command line to 'None'
[0.274s] Level 5:colcon.colcon_core.verb:set package 'quadruped_gait' build argument 'catkin_cmake_args' from command line to 'None'
[0.274s] Level 5:colcon.colcon_core.verb:set package 'quadruped_gait' build argument 'catkin_skip_building_tests' from command line to 'False'
[0.274s] DEBUG:colcon.colcon_core.verb:Building package 'quadruped_gait' with the following arguments: {'ament_cmake_args': None, 'build_base': '/home/rithvik/quadruped_ws/build/quadruped_gait', 'catkin_cmake_args': None, 'catkin_skip_building_tests': False, 'cmake_args': None, 'cmake_clean_cache': False, 'cmake_clean_first': False, 'cmake_force_configure': False, 'cmake_target': None, 'cmake_target_skip_unavailable': False, 'install_base': '/home/rithvik/quadruped_ws/install/quadruped_gait', 'merge_install': False, 'path': '/home/rithvik/quadruped_ws/src/quadruped_gait', 'symlink_install': False, 'test_result_base': None}
[0.275s] Level 5:colcon.colcon_core.verb:set package 'ros_file_description' build argument 'cmake_args' from command line to 'None'
[0.275s] Level 5:colcon.colcon_core.verb:set package 'ros_file_description' build argument 'cmake_target' from command line to 'None'
[0.275s] Level 5:colcon.colcon_core.verb:set package 'ros_file_description' build argument 'cmake_target_skip_unavailable' from command line to 'False'
[0.275s] Level 5:colcon.colcon_core.verb:set package 'ros_file_description' build argument 'cmake_clean_cache' from command line to 'False'
[0.275s] Level 5:colcon.colcon_core.verb:set package 'ros_file_description' build argument 'cmake_clean_first' from command line to 'False'
[0.275s] Level 5:colcon.colcon_core.verb:set package 'ros_file_description' build argument 'cmake_force_configure' from command line to 'False'
[0.275s] Level 5:colcon.colcon_core.verb:set package 'ros_file_description' build argument 'ament_cmake_args' from command line to 'None'
[0.275s] Level 5:colcon.colcon_core.verb:set package 'ros_file_description' build argument 'catkin_cmake_args' from command line to 'None'
[0.275s] Level 5:colcon.colcon_core.verb:set package 'ros_file_description' build argument 'catkin_skip_building_tests' from command line to 'False'
[0.275s] DEBUG:colcon.colcon_core.verb:Building package 'ros_file_description' with the following arguments: {'ament_cmake_args': None, 'build_base': '/home/rithvik/quadruped_ws/build/ros_file_description', 'catkin_cmake_args': None, 'catkin_skip_building_tests': False, 'cmake_args': None, 'cmake_clean_cache': False, 'cmake_clean_first': False, 'cmake_force_configure': False, 'cmake_target': None, 'cmake_target_skip_unavailable': False, 'install_base': '/home/rithvik/quadruped_ws/install/ros_file_description', 'merge_install': False, 'path': '/home/rithvik/quadruped_ws/src/ros_file_description', 'symlink_install': False, 'test_result_base': None}
[0.275s] INFO:colcon.colcon_core.executor:Executing jobs using 'parallel' executor
[0.276s] DEBUG:colcon.colcon_parallel_executor.executor.parallel:run_until_complete
[0.276s] INFO:colcon.colcon_ros.task.ament_python.build:Building ROS package in '/home/rithvik/quadruped_ws/src/quadruped_gait' with build type 'ament_python'
[0.276s] Level 1:colcon.colcon_core.shell:create_environment_hook('quadruped_gait', 'ament_prefix_path')
[0.277s] INFO:colcon.colcon_core.plugin_system:Skipping extension 'colcon_core.shell.bat': Not used on non-Windows systems
[0.277s] INFO:colcon.colcon_core.shell:Creating environment hook '/home/rithvik/quadruped_ws/install/quadruped_gait/share/quadruped_gait/hook/ament_prefix_path.ps1'
[0.278s] INFO:colcon.colcon_core.shell:Creating environment descriptor '/home/rithvik/quadruped_ws/install/quadruped_gait/share/quadruped_gait/hook/ament_prefix_path.dsv'
[0.278s] INFO:colcon.colcon_core.shell:Creating environment hook '/home/rithvik/quadruped_ws/install/quadruped_gait/share/quadruped_gait/hook/ament_prefix_path.sh'
[0.279s] INFO:colcon.colcon_core.shell:Skip shell extension 'powershell' for command environment: Not usable outside of PowerShell
[0.279s] DEBUG:colcon.colcon_core.shell:Skip shell extension 'dsv' for command environment
[0.282s] INFO:colcon.colcon_ros.task.ament_python.build:Building ROS package in '/home/rithvik/quadruped_ws/src/ros_file_description' with build type 'ament_python'
[0.282s] Level 1:colcon.colcon_core.shell:create_environment_hook('ros_file_description', 'ament_prefix_path')
[0.282s] INFO:colcon.colcon_core.shell:Creating environment hook '/home/rithvik/quadruped_ws/install/ros_file_description/share/ros_file_description/hook/ament_prefix_path.ps1'
[0.283s] INFO:colcon.colcon_core.shell:Creating environment descriptor '/home/rithvik/quadruped_ws/install/ros_file_description/share/ros_file_description/hook/ament_prefix_path.dsv'
[0.283s] INFO:colcon.colcon_core.shell:Creating environment hook '/home/rithvik/quadruped_ws/install/ros_file_description/share/ros_file_description/hook/ament_prefix_path.sh'
[0.283s] INFO:colcon.colcon_core.shell:Skip shell extension 'powershell' for command environment: Not usable outside of PowerShell
[0.283s] DEBUG:colcon.colcon_core.shell:Skip shell extension 'dsv' for command environment
[0.450s] INFO:colcon.colcon_core.task.python.build:Building Python package in '/home/rithvik/quadruped_ws/src/quadruped_gait'
[0.450s] INFO:colcon.colcon_core.shell:Skip shell extension 'powershell' for command environment: Not usable outside of PowerShell
[0.450s] DEBUG:colcon.colcon_core.shell:Skip shell extension 'dsv' for command environment
[0.621s] INFO:colcon.colcon_core.task.python.build:Building Python package in '/home/rithvik/quadruped_ws/src/ros_file_description'
[0.622s] INFO:colcon.colcon_core.shell:Skip shell extension 'powershell' for command environment: Not usable outside of PowerShell
[0.622s] DEBUG:colcon.colcon_core.shell:Skip shell extension 'dsv' for command environment
[0.884s] DEBUG:colcon.colcon_core.event_handler.log_command:Invoking command in '/home/rithvik/quadruped_ws/build/quadruped_gait': PYTHONPATH=/home/rithvik/quadruped_ws/build/quadruped_gait/prefix_override:/usr/lib/python3/dist-packages/colcon_core/task/python/colcon_distutils_commands:/home/rithvik/quadruped_ws/install/quadruped_gait/lib/python3.10/site-packages:${PYTHONPATH} /usr/bin/python3 -W ignore:setup.py install is deprecated -W ignore:easy_install command is deprecated setup.py develop --uninstall --editable --build-directory /home/rithvik/quadruped_ws/build/quadruped_gait/build
[0.886s] DEBUG:colcon.colcon_core.event_handler.log_command:Invoking command in '/home/rithvik/quadruped_ws/build/ros_file_description': PYTHONPATH=/home/rithvik/quadruped_ws/build/ros_file_description/prefix_override:/usr/lib/python3/dist-packages/colcon_core/task/python/colcon_distutils_commands:/home/rithvik/quadruped_ws/install/ros_file_description/lib/python3.10/site-packages:${PYTHONPATH} /usr/bin/python3 -W ignore:setup.py install is deprecated -W ignore:easy_install command is deprecated setup.py develop --uninstall --editable --build-directory /home/rithvik/quadruped_ws/build/ros_file_description/build
[1.196s] DEBUG:colcon.colcon_core.event_handler.log_command:Invoked command in '/home/rithvik/quadruped_ws/build/quadruped_gait' returned '0': PYTHONPATH=/home/rithvik/quadruped_ws/build/quadruped_gait/prefix_override:/usr/lib/python3/dist-packages/colcon_core/task/python/colcon_distutils_commands:/home/rithvik/quadruped_ws/install/quadruped_gait/lib/python3.10/site-packages:${PYTHONPATH} /usr/bin/python3 -W ignore:setup.py install is deprecated -W ignore:easy_install command is deprecated setup.py develop --uninstall --editable --build-directory /home/rithvik/quadruped_ws/build/quadruped_gait/build
[1.197s] DEBUG:colcon.colcon_core.event_handler.log_command:Invoking command in '/home/rithvik/quadruped_ws/src/quadruped_gait': PYTHONPATH=/home/rithvik/quadruped_ws/build/quadruped_gait/prefix_override:/usr/lib/python3/dist-packages/colcon_core/task/python/colcon_distutils_commands:/home/rithvik/quadruped_ws/install/quadruped_gait/lib/python3.10/site-packages:${PYTHONPATH} /usr/bin/python3 -W ignore:setup.py install is deprecated -W ignore:easy_install command is deprecated setup.py egg_info --egg-base ../../build/quadruped_gait build --build-base /home/rithvik/quadruped_ws/build/quadruped_gait/build install --record /home/rithvik/quadruped_ws/build/quadruped_gait/install.log --single-version-externally-managed install_data --force
[1.198s] DEBUG:colcon.colcon_core.event_handler.log_command:Invoked command in '/home/rithvik/quadruped_ws/build/ros_file_description' returned '0': PYTHONPATH=/home/rithvik/quadruped_ws/build/ros_file_description/prefix_override:/usr/lib/python3/dist-packages/colcon_core/task/python/colcon_distutils_commands:/home/rithvik/quadruped_ws/install/ros_file_description/lib/python3.10/site-packages:${PYTHONPATH} /usr/bin/python3 -W ignore:setup.py install is deprecated -W ignore:easy_install command is deprecated setup.py develop --uninstall --editable --build-directory /home/rithvik/quadruped_ws/build/ros_file_description/build
[1.198s] DEBUG:colcon.colcon_core.event_handler.log_command:Invoking command in '/home/rithvik/quadruped_ws/src/ros_file_description': PYTHONPATH=/home/rithvik/quadruped_ws/build/ros_file_description/prefix_override:/usr/lib/python3/dist-packages/colcon_core/task/python/colcon_distutils_commands:/home/rithvik/quadruped_ws/install/ros_file_description/lib/python3.10/site-packages:${PYTHONPATH} /usr/bin/python3 -W ignore:setup.py install is deprecated -W ignore:easy_install command is deprecated setup.py egg_info --egg-base ../../build/ros_file_description build --build-base /home/rithvik/quadruped_ws/build/ros_file_description/build install --record /home/rithvik/quadruped_ws/build/ros_file_description/install.log --single-version-externally-managed install_data --force
[1.406s] DEBUG:colcon.colcon_core.event_handler.log_command:Invoked command in '/home/rithvik/quadruped_ws/src/quadruped_gait' returned '0': PYTHONPATH=/home/rithvik/quadruped_ws/build/quadruped_gait/prefix_override:/usr/lib/python3/dist-packages/colcon_core/task/python/colcon_distutils_commands:/home/rithvik/quadruped_ws/install/quadruped_gait/lib/python3.10/site-packages:${PYTHONPATH} /usr/bin/python3 -W ignore:setup.py install is deprecated -W ignore:easy_install command is deprecated setup.py egg_info --egg-base ../../build/quadruped_gait build --build-base /home/rithvik/quadruped_ws/build/quadruped_gait/build install --record /home/rithvik/quadruped_ws/build/quadruped_gait/install.log --single-version-externally-managed install_data --force
[1.408s] Level 1:colcon.colcon_core.environment:checking '/home/rithvik/quadruped_ws/install/quadruped_gait' for CMake module files
[1.409s] Level 1:colcon.colcon_core.environment:checking '/home/rithvik/quadruped_ws/install/quadruped_gait' for CMake config files
[1.410s] Level 1:colcon.colcon_core.environment:checking '/home/rithvik/quadruped_ws/install/quadruped_gait/lib'
[1.410s] Level 1:colcon.colcon_core.environment:checking '/home/rithvik/quadruped_ws/install/quadruped_gait/bin'
[1.410s] Level 1:colcon.colcon_core.environment:checking '/home/rithvik/quadruped_ws/install/quadruped_gait/lib/pkgconfig/quadruped_gait.pc'
[1.410s] Level 1:colcon.colcon_core.environment:checking '/home/rithvik/quadruped_ws/install/quadruped_gait/lib/python3.10/site-packages'
[1.410s] Level 1:colcon.colcon_core.shell:create_environment_hook('quadruped_gait', 'pythonpath')
[1.410s] INFO:colcon.colcon_core.shell:Creating environment hook '/home/rithvik/quadruped_ws/install/quadruped_gait/share/quadruped_gait/hook/pythonpath.ps1'
[1.411s] INFO:colcon.colcon_core.shell:Creating environment descriptor '/home/rithvik/quadruped_ws/install/quadruped_gait/share/quadruped_gait/hook/pythonpath.dsv'
[1.411s] INFO:colcon.colcon_core.shell:Creating environment hook '/home/rithvik/quadruped_ws/install/quadruped_gait/share/quadruped_gait/hook/pythonpath.sh'
[1.412s] Level 1:colcon.colcon_core.environment:checking '/home/rithvik/quadruped_ws/install/quadruped_gait/bin'
[1.412s] Level 1:colcon.colcon_core.environment:create_environment_scripts_only(quadruped_gait)
[1.412s] INFO:colcon.colcon_core.shell:Creating package script '/home/rithvik/quadruped_ws/install/quadruped_gait/share/quadruped_gait/package.ps1'
[1.413s] INFO:colcon.colcon_core.shell:Creating package descriptor '/home/rithvik/quadruped_ws/install/quadruped_gait/share/quadruped_gait/package.dsv'
[1.413s] INFO:colcon.colcon_core.shell:Creating package script '/home/rithvik/quadruped_ws/install/quadruped_gait/share/quadruped_gait/package.sh'
[1.414s] INFO:colcon.colcon_core.shell:Creating package script '/home/rithvik/quadruped_ws/install/quadruped_gait/share/quadruped_gait/package.bash'
[1.414s] INFO:colcon.colcon_core.shell:Creating package script '/home/rithvik/quadruped_ws/install/quadruped_gait/share/quadruped_gait/package.zsh'
[1.415s] Level 1:colcon.colcon_core.environment:create_file_with_runtime_dependencies(/home/rithvik/quadruped_ws/install/quadruped_gait/share/colcon-core/packages/quadruped_gait)
[1.424s] Level 1:colcon.colcon_core.environment:checking '/home/rithvik/quadruped_ws/install/ros_file_description' for CMake module files
[1.425s] DEBUG:colcon.colcon_core.event_handler.log_command:Invoked command in '/home/rithvik/quadruped_ws/src/ros_file_description' returned '0': PYTHONPATH=/home/rithvik/quadruped_ws/build/ros_file_description/prefix_override:/usr/lib/python3/dist-packages/colcon_core/task/python/colcon_distutils_commands:/home/rithvik/quadruped_ws/install/ros_file_description/lib/python3.10/site-packages:${PYTHONPATH} /usr/bin/python3 -W ignore:setup.py install is deprecated -W ignore:easy_install command is deprecated setup.py egg_info --egg-base ../../build/ros_file_description build --build-base /home/rithvik/quadruped_ws/build/ros_file_description/build install --record /home/rithvik/quadruped_ws/build/ros_file_description/install.log --single-version-externally-managed install_data --force
[1.425s] Level 1:colcon.colcon_core.environment:checking '/home/rithvik/quadruped_ws/install/ros_file_description' for CMake config files
[1.425s] Level 1:colcon.colcon_core.environment:checking '/home/rithvik/quadruped_ws/install/ros_file_description/lib'
[1.426s] Level 1:colcon.colcon_core.environment:checking '/home/rithvik/quadruped_ws/install/ros_file_description/bin'
[1.426s] Level 1:colcon.colcon_core.environment:checking '/home/rithvik/quadruped_ws/install/ros_file_description/lib/pkgconfig/ros_file_description.pc'
[1.426s] Level 1:colcon.colcon_core.environment:checking '/home/rithvik/quadruped_ws/install/ros_file_description/lib/python3.10/site-packages'
[1.426s] Level 1:colcon.colcon_core.shell:create_environment_hook('ros_file_description', 'pythonpath')
[1.426s] INFO:colcon.colcon_core.shell:Creating environment hook '/home/rithvik/quadruped_ws/install/ros_file_description/share/ros_file_description/hook/pythonpath.ps1'
[1.426s] INFO:colcon.colcon_core.shell:Creating environment descriptor '/home/rithvik/quadruped_ws/install/ros_file_description/share/ros_file_description/hook/pythonpath.dsv'
[1.427s] INFO:colcon.colcon_core.shell:Creating environment hook '/home/rithvik/quadruped_ws/install/ros_file_description/share/ros_file_description/hook/pythonpath.sh'
[1.427s] Level 1:colcon.colcon_core.environment:checking '/home/rithvik/quadruped_ws/install/ros_file_description/bin'
[1.427s] Level 1:colcon.colcon_core.environment:create_environment_scripts_only(ros_file_description)
[1.427s] INFO:colcon.colcon_core.shell:Creating package script '/home/rithvik/quadruped_ws/install/ros_file_description/share/ros_file_description/package.ps1'
[1.428s] INFO:colcon.colcon_core.shell:Creating package descriptor '/home/rithvik/quadruped_ws/install/ros_file_description/share/ros_file_description/package.dsv'
[1.428s] INFO:colcon.colcon_core.shell:Creating package script '/home/rithvik/quadruped_ws/install/ros_file_description/share/ros_file_description/package.sh'
[1.428s] INFO:colcon.colcon_core.shell:Creating package script '/home/rithvik/quadruped_ws/install/ros_file_description/share/ros_file_description/package.bash'
[1.428s] INFO:colcon.colcon_core.shell:Creating package script '/home/rithvik/quadruped_ws/install/ros_file_description/share/ros_file_description/package.zsh'
[1.429s] Level 1:colcon.colcon_core.environment:create_file_with_runtime_dependencies(/home/rithvik/quadruped_ws/install/ros_file_description/share/colcon-core/packages/ros_file_description)
[1.429s] DEBUG:colcon.colcon_parallel_executor.executor.parallel:closing loop
[1.429s] DEBUG:colcon.colcon_parallel_executor.executor.parallel:loop closed
[1.429s] DEBUG:colcon.colcon_parallel_executor.executor.parallel:run_until_complete finished with '0'
[1.429s] DEBUG:colcon.colcon_core.event_reactor:joining thread
[1.432s] INFO:colcon.colcon_core.plugin_system:Skipping extension 'colcon_notification.desktop_notification.terminal_notifier': Not used on non-Darwin systems
[1.432s] INFO:colcon.colcon_core.plugin_system:Skipping extension 'colcon_notification.desktop_notification.win32': Not used on non-Windows systems
[1.432s] INFO:colcon.colcon_notification.desktop_notification:Sending desktop notification using 'notify2'
[1.442s] DEBUG:colcon.colcon_core.event_reactor:joined thread
[1.442s] INFO:colcon.colcon_core.shell:Creating prefix script '/home/rithvik/quadruped_ws/install/local_setup.ps1'
[1.443s] INFO:colcon.colcon_core.shell:Creating prefix util module '/home/rithvik/quadruped_ws/install/_local_setup_util_ps1.py'
[1.444s] INFO:colcon.colcon_core.shell:Creating prefix chain script '/home/rithvik/quadruped_ws/install/setup.ps1'
[1.445s] INFO:colcon.colcon_core.shell:Creating prefix script '/home/rithvik/quadruped_ws/install/local_setup.sh'
[1.446s] INFO:colcon.colcon_core.shell:Creating prefix util module '/home/rithvik/quadruped_ws/install/_local_setup_util_sh.py'
[1.448s] INFO:colcon.colcon_core.shell:Creating prefix chain script '/home/rithvik/quadruped_ws/install/setup.sh'
[1.450s] INFO:colcon.colcon_core.shell:Creating prefix script '/home/rithvik/quadruped_ws/install/local_setup.bash'
[1.451s] INFO:colcon.colcon_core.shell:Creating prefix chain script '/home/rithvik/quadruped_ws/install/setup.bash'
[1.453s] INFO:colcon.colcon_core.shell:Creating prefix script '/home/rithvik/quadruped_ws/install/local_setup.zsh'
[1.453s] INFO:colcon.colcon_core.shell:Creating prefix chain script '/home/rithvik/quadruped_ws/install/setup.zsh'
