[0.623s] Invoking command in '/home/rithvik/quadruped_ws/build/ros_file_description': PYTHONPATH=/home/rithvik/quadruped_ws/build/ros_file_description/prefix_override:/usr/lib/python3/dist-packages/colcon_core/task/python/colcon_distutils_commands:/home/rithvik/quadruped_ws/install/ros_file_description/lib/python3.10/site-packages:${PYTHONPATH} /usr/bin/python3 -W ignore:setup.py install is deprecated -W ignore:easy_install command is deprecated setup.py develop --uninstall --editable --build-directory /home/rithvik/quadruped_ws/build/ros_file_description/build
[0.842s] running develop
[1.021s] Removing /home/rithvik/quadruped_ws/install/ros_file_description/lib/python3.10/site-packages/ros-file-description.egg-link (link to .)
[1.083s] Invoked command in '/home/rithvik/quadruped_ws/build/ros_file_description' returned '0': PYTHONPATH=/home/rithvik/quadruped_ws/build/ros_file_description/prefix_override:/usr/lib/python3/dist-packages/colcon_core/task/python/colcon_distutils_commands:/home/rithvik/quadruped_ws/install/ros_file_description/lib/python3.10/site-packages:${PYTHONPATH} /usr/bin/python3 -W ignore:setup.py install is deprecated -W ignore:easy_install command is deprecated setup.py develop --uninstall --editable --build-directory /home/rithvik/quadruped_ws/build/ros_file_description/build
[1.084s] Invoking command in '/home/rithvik/quadruped_ws/src/ros_file_description': PYTHONPATH=/home/rithvik/quadruped_ws/build/ros_file_description/prefix_override:/usr/lib/python3/dist-packages/colcon_core/task/python/colcon_distutils_commands:/home/rithvik/quadruped_ws/install/ros_file_description/lib/python3.10/site-packages:${PYTHONPATH} /usr/bin/python3 -W ignore:setup.py install is deprecated -W ignore:easy_install command is deprecated setup.py egg_info --egg-base ../../build/ros_file_description build --build-base /home/rithvik/quadruped_ws/build/ros_file_description/build install --record /home/rithvik/quadruped_ws/build/ros_file_description/install.log --single-version-externally-managed install_data --force
[1.285s] running egg_info
[1.286s] writing ../../build/ros_file_description/ros_file_description.egg-info/PKG-INFO
[1.286s] writing dependency_links to ../../build/ros_file_description/ros_file_description.egg-info/dependency_links.txt
[1.286s] writing entry points to ../../build/ros_file_description/ros_file_description.egg-info/entry_points.txt
[1.286s] writing requirements to ../../build/ros_file_description/ros_file_description.egg-info/requires.txt
[1.287s] writing top-level names to ../../build/ros_file_description/ros_file_description.egg-info/top_level.txt
[1.288s] reading manifest file '../../build/ros_file_description/ros_file_description.egg-info/SOURCES.txt'
[1.290s] writing manifest file '../../build/ros_file_description/ros_file_description.egg-info/SOURCES.txt'
[1.290s] running build
[1.290s] running build_py
[1.291s] running install
[1.291s] running install_lib
[1.292s] creating /home/rithvik/quadruped_ws/install/ros_file_description/lib/python3.10/site-packages/ros_file_description
[1.292s] copying /home/rithvik/quadruped_ws/build/ros_file_description/build/lib/ros_file_description/__init__.py -> /home/rithvik/quadruped_ws/install/ros_file_description/lib/python3.10/site-packages/ros_file_description
[1.292s] byte-compiling /home/rithvik/quadruped_ws/install/ros_file_description/lib/python3.10/site-packages/ros_file_description/__init__.py to __init__.cpython-310.pyc
[1.292s] running install_data
[1.292s] copying resource/ros_file_description -> /home/rithvik/quadruped_ws/install/ros_file_description/share/ament_index/resource_index/packages
[1.293s] copying package.xml -> /home/rithvik/quadruped_ws/install/ros_file_description/share/ros_file_description
[1.293s] copying launch/gazebo.launch.py -> /home/rithvik/quadruped_ws/install/ros_file_description/share/ros_file_description/launch
[1.293s] copying launch/display.launch.py -> /home/rithvik/quadruped_ws/install/ros_file_description/share/ros_file_description/launch
[1.293s] copying urdf/ros_file.xacro -> /home/rithvik/quadruped_ws/install/ros_file_description/share/ros_file_description/urdf
[1.293s] copying urdf/materials.xacro -> /home/rithvik/quadruped_ws/install/ros_file_description/share/ros_file_description/urdf
[1.293s] copying urdf/ros_file.gazebo -> /home/rithvik/quadruped_ws/install/ros_file_description/share/ros_file_description/urdf
[1.293s] copying urdf/ros_file.trans -> /home/rithvik/quadruped_ws/install/ros_file_description/share/ros_file_description/urdf
[1.293s] copying meshes/lr_foot_1.stl -> /home/rithvik/quadruped_ws/install/ros_file_description/share/ros_file_description/meshes
[1.294s] copying meshes/b_s4_1.stl -> /home/rithvik/quadruped_ws/install/ros_file_description/share/ros_file_description/meshes
[1.294s] copying meshes/rr_thigh_1.stl -> /home/rithvik/quadruped_ws/install/ros_file_description/share/ros_file_description/meshes
[1.295s] copying meshes/b_s3_c_horn_1.stl -> /home/rithvik/quadruped_ws/install/ros_file_description/share/ros_file_description/meshes
[1.295s] copying meshes/lf_holder_suppor1_1.stl -> /home/rithvik/quadruped_ws/install/ros_file_description/share/ros_file_description/meshes
[1.295s] copying meshes/b_s3_1.stl -> /home/rithvik/quadruped_ws/install/ros_file_description/share/ros_file_description/meshes
[1.296s] copying meshes/b_s2_1.stl -> /home/rithvik/quadruped_ws/install/ros_file_description/share/ros_file_description/meshes
[1.296s] copying meshes/rr_holder_1.stl -> /home/rithvik/quadruped_ws/install/ros_file_description/share/ros_file_description/meshes
[1.296s] copying meshes/lr_thigh_1.stl -> /home/rithvik/quadruped_ws/install/ros_file_description/share/ros_file_description/meshes
[1.297s] copying meshes/lr_holder_suppor1_1.stl -> /home/rithvik/quadruped_ws/install/ros_file_description/share/ros_file_description/meshes
[1.297s] copying meshes/lf_c_horn_1.stl -> /home/rithvik/quadruped_ws/install/ros_file_description/share/ros_file_description/meshes
[1.298s] copying meshes/rf_thigh_1.stl -> /home/rithvik/quadruped_ws/install/ros_file_description/share/ros_file_description/meshes
[1.298s] copying meshes/lr_holder_1.stl -> /home/rithvik/quadruped_ws/install/ros_file_description/share/ros_file_description/meshes
[1.299s] copying meshes/b_s1_1.stl -> /home/rithvik/quadruped_ws/install/ros_file_description/share/ros_file_description/meshes
[1.299s] copying meshes/lf_holder_1.stl -> /home/rithvik/quadruped_ws/install/ros_file_description/share/ros_file_description/meshes
[1.299s] copying meshes/rr_foot_1.stl -> /home/rithvik/quadruped_ws/install/ros_file_description/share/ros_file_description/meshes
[1.300s] copying meshes/rf_holder_1.stl -> /home/rithvik/quadruped_ws/install/ros_file_description/share/ros_file_description/meshes
[1.300s] copying meshes/rr_holder_suppor1_1.stl -> /home/rithvik/quadruped_ws/install/ros_file_description/share/ros_file_description/meshes
[1.300s] copying meshes/b_s4_c_horn_1.stl -> /home/rithvik/quadruped_ws/install/ros_file_description/share/ros_file_description/meshes
[1.301s] copying meshes/rr_c_horn_1.stl -> /home/rithvik/quadruped_ws/install/ros_file_description/share/ros_file_description/meshes
[1.301s] copying meshes/lr_c_horn_1.stl -> /home/rithvik/quadruped_ws/install/ros_file_description/share/ros_file_description/meshes
[1.302s] copying meshes/b_s2_c_horn_1.stl -> /home/rithvik/quadruped_ws/install/ros_file_description/share/ros_file_description/meshes
[1.302s] copying meshes/lf_thigh_1.stl -> /home/rithvik/quadruped_ws/install/ros_file_description/share/ros_file_description/meshes
[1.303s] copying meshes/base_link.stl -> /home/rithvik/quadruped_ws/install/ros_file_description/share/ros_file_description/meshes
[1.303s] copying meshes/rf_c_horn_1.stl -> /home/rithvik/quadruped_ws/install/ros_file_description/share/ros_file_description/meshes
[1.304s] copying meshes/b_s1_c_horn_1.stl -> /home/rithvik/quadruped_ws/install/ros_file_description/share/ros_file_description/meshes
[1.304s] copying meshes/top_1.stl -> /home/rithvik/quadruped_ws/install/ros_file_description/share/ros_file_description/meshes
[1.305s] copying meshes/rf_foot_1.stl -> /home/rithvik/quadruped_ws/install/ros_file_description/share/ros_file_description/meshes
[1.305s] copying meshes/lf_foot_1.stl -> /home/rithvik/quadruped_ws/install/ros_file_description/share/ros_file_description/meshes
[1.306s] copying meshes/rf_holder_suppor1_1.stl -> /home/rithvik/quadruped_ws/install/ros_file_description/share/ros_file_description/meshes
[1.306s] copying config/display.rviz -> /home/rithvik/quadruped_ws/install/ros_file_description/share/ros_file_description/config
[1.306s] copying config/gazebo.rviz -> /home/rithvik/quadruped_ws/install/ros_file_description/share/ros_file_description/config
[1.306s] copying config/controllers.yaml -> /home/rithvik/quadruped_ws/install/ros_file_description/share/ros_file_description/config
[1.307s] copying config/ros_gz_bridge_gazebo.yaml -> /home/rithvik/quadruped_ws/install/ros_file_description/share/ros_file_description/config
[1.307s] running install_egg_info
[1.308s] Copying ../../build/ros_file_description/ros_file_description.egg-info to /home/rithvik/quadruped_ws/install/ros_file_description/lib/python3.10/site-packages/ros_file_description-0.0.0-py3.10.egg-info
[1.309s] running install_scripts
[1.330s] writing list of installed files to '/home/rithvik/quadruped_ws/build/ros_file_description/install.log'
[1.355s] Invoked command in '/home/rithvik/quadruped_ws/src/ros_file_description' returned '0': PYTHONPATH=/home/rithvik/quadruped_ws/build/ros_file_description/prefix_override:/usr/lib/python3/dist-packages/colcon_core/task/python/colcon_distutils_commands:/home/rithvik/quadruped_ws/install/ros_file_description/lib/python3.10/site-packages:${PYTHONPATH} /usr/bin/python3 -W ignore:setup.py install is deprecated -W ignore:easy_install command is deprecated setup.py egg_info --egg-base ../../build/ros_file_description build --build-base /home/rithvik/quadruped_ws/build/ros_file_description/build install --record /home/rithvik/quadruped_ws/build/ros_file_description/install.log --single-version-externally-managed install_data --force
