running develop
Removing /home/rithvik/quadruped_ws/install/quadruped_gait/lib/python3.10/site-packages/quadruped-gait.egg-link (link to .)
running egg_info
writing ../../build/quadruped_gait/quadruped_gait.egg-info/PKG-INFO
writing dependency_links to ../../build/quadruped_gait/quadruped_gait.egg-info/dependency_links.txt
writing entry points to ../../build/quadruped_gait/quadruped_gait.egg-info/entry_points.txt
writing requirements to ../../build/quadruped_gait/quadruped_gait.egg-info/requires.txt
writing top-level names to ../../build/quadruped_gait/quadruped_gait.egg-info/top_level.txt
reading manifest file '../../build/quadruped_gait/quadruped_gait.egg-info/SOURCES.txt'
writing manifest file '../../build/quadruped_gait/quadruped_gait.egg-info/SOURCES.txt'
running build
running build_py
creating /home/rithvik/quadruped_ws/build/quadruped_gait/build
creating /home/rithvik/quadruped_ws/build/quadruped_gait/build/lib
creating /home/rithvik/quadruped_ws/build/quadruped_gait/build/lib/quadruped_gait
copying quadruped_gait/walk_gait.py -> /home/rithvik/quadruped_ws/build/quadruped_gait/build/lib/quadruped_gait
copying quadruped_gait/__init__.py -> /home/rithvik/quadruped_ws/build/quadruped_gait/build/lib/quadruped_gait
copying quadruped_gait/one_leg_gait.py -> /home/rithvik/quadruped_ws/build/quadruped_gait/build/lib/quadruped_gait
running install
running install_lib
creating /home/rithvik/quadruped_ws/install/quadruped_gait/lib/python3.10/site-packages/quadruped_gait
copying /home/rithvik/quadruped_ws/build/quadruped_gait/build/lib/quadruped_gait/walk_gait.py -> /home/rithvik/quadruped_ws/install/quadruped_gait/lib/python3.10/site-packages/quadruped_gait
copying /home/rithvik/quadruped_ws/build/quadruped_gait/build/lib/quadruped_gait/__init__.py -> /home/rithvik/quadruped_ws/install/quadruped_gait/lib/python3.10/site-packages/quadruped_gait
copying /home/rithvik/quadruped_ws/build/quadruped_gait/build/lib/quadruped_gait/one_leg_gait.py -> /home/rithvik/quadruped_ws/install/quadruped_gait/lib/python3.10/site-packages/quadruped_gait
byte-compiling /home/rithvik/quadruped_ws/install/quadruped_gait/lib/python3.10/site-packages/quadruped_gait/walk_gait.py to walk_gait.cpython-310.pyc
byte-compiling /home/rithvik/quadruped_ws/install/quadruped_gait/lib/python3.10/site-packages/quadruped_gait/__init__.py to __init__.cpython-310.pyc
byte-compiling /home/rithvik/quadruped_ws/install/quadruped_gait/lib/python3.10/site-packages/quadruped_gait/one_leg_gait.py to one_leg_gait.cpython-310.pyc
running install_data
copying resource/quadruped_gait -> /home/rithvik/quadruped_ws/install/quadruped_gait/share/ament_index/resource_index/packages
copying package.xml -> /home/rithvik/quadruped_ws/install/quadruped_gait/share/quadruped_gait
running install_egg_info
Copying ../../build/quadruped_gait/quadruped_gait.egg-info to /home/rithvik/quadruped_ws/install/quadruped_gait/lib/python3.10/site-packages/quadruped_gait-0.0.0-py3.10.egg-info
running install_scripts
Installing one_leg_gait script to /home/rithvik/quadruped_ws/install/quadruped_gait/lib/quadruped_gait
Installing walk_gait script to /home/rithvik/quadruped_ws/install/quadruped_gait/lib/quadruped_gait
writing list of installed files to '/home/rithvik/quadruped_ws/build/quadruped_gait/install.log'
