[0.608s] Invoking command in '/home/rithvik/quadruped_ws/build/quadruped_gait': PYTHONPATH=/home/rithvik/quadruped_ws/build/quadruped_gait/prefix_override:/usr/lib/python3/dist-packages/colcon_core/task/python/colcon_distutils_commands:/home/rithvik/quadruped_ws/install/quadruped_gait/lib/python3.10/site-packages:${PYTHONPATH} /usr/bin/python3 -W ignore:setup.py install is deprecated -W ignore:easy_install command is deprecated setup.py develop --uninstall --editable --build-directory /home/rithvik/quadruped_ws/build/quadruped_gait/build
[0.782s] running develop
[0.885s] Removing /home/rithvik/quadruped_ws/install/quadruped_gait/lib/python3.10/site-packages/quadruped-gait.egg-link (link to .)
[0.920s] Invoked command in '/home/rithvik/quadruped_ws/build/quadruped_gait' returned '0': PYTHONPATH=/home/rithvik/quadruped_ws/build/quadruped_gait/prefix_override:/usr/lib/python3/dist-packages/colcon_core/task/python/colcon_distutils_commands:/home/rithvik/quadruped_ws/install/quadruped_gait/lib/python3.10/site-packages:${PYTHONPATH} /usr/bin/python3 -W ignore:setup.py install is deprecated -W ignore:easy_install command is deprecated setup.py develop --uninstall --editable --build-directory /home/rithvik/quadruped_ws/build/quadruped_gait/build
[0.921s] Invoking command in '/home/rithvik/quadruped_ws/src/quadruped_gait': PYTHONPATH=/home/rithvik/quadruped_ws/build/quadruped_gait/prefix_override:/usr/lib/python3/dist-packages/colcon_core/task/python/colcon_distutils_commands:/home/rithvik/quadruped_ws/install/quadruped_gait/lib/python3.10/site-packages:${PYTHONPATH} /usr/bin/python3 -W ignore:setup.py install is deprecated -W ignore:easy_install command is deprecated setup.py egg_info --egg-base ../../build/quadruped_gait build --build-base /home/rithvik/quadruped_ws/build/quadruped_gait/build install --record /home/rithvik/quadruped_ws/build/quadruped_gait/install.log --single-version-externally-managed install_data --force
[1.081s] running egg_info
[1.081s] writing ../../build/quadruped_gait/quadruped_gait.egg-info/PKG-INFO
[1.081s] writing dependency_links to ../../build/quadruped_gait/quadruped_gait.egg-info/dependency_links.txt
[1.081s] writing entry points to ../../build/quadruped_gait/quadruped_gait.egg-info/entry_points.txt
[1.082s] writing requirements to ../../build/quadruped_gait/quadruped_gait.egg-info/requires.txt
[1.082s] writing top-level names to ../../build/quadruped_gait/quadruped_gait.egg-info/top_level.txt
[1.083s] reading manifest file '../../build/quadruped_gait/quadruped_gait.egg-info/SOURCES.txt'
[1.084s] writing manifest file '../../build/quadruped_gait/quadruped_gait.egg-info/SOURCES.txt'
[1.084s] running build
[1.084s] running build_py
[1.084s] creating /home/rithvik/quadruped_ws/build/quadruped_gait/build
[1.084s] creating /home/rithvik/quadruped_ws/build/quadruped_gait/build/lib
[1.084s] creating /home/rithvik/quadruped_ws/build/quadruped_gait/build/lib/quadruped_gait
[1.084s] copying quadruped_gait/walk_gait.py -> /home/rithvik/quadruped_ws/build/quadruped_gait/build/lib/quadruped_gait
[1.084s] copying quadruped_gait/__init__.py -> /home/rithvik/quadruped_ws/build/quadruped_gait/build/lib/quadruped_gait
[1.084s] copying quadruped_gait/one_leg_gait.py -> /home/rithvik/quadruped_ws/build/quadruped_gait/build/lib/quadruped_gait
[1.084s] running install
[1.085s] running install_lib
[1.085s] creating /home/rithvik/quadruped_ws/install/quadruped_gait/lib/python3.10/site-packages/quadruped_gait
[1.085s] copying /home/rithvik/quadruped_ws/build/quadruped_gait/build/lib/quadruped_gait/walk_gait.py -> /home/rithvik/quadruped_ws/install/quadruped_gait/lib/python3.10/site-packages/quadruped_gait
[1.085s] copying /home/rithvik/quadruped_ws/build/quadruped_gait/build/lib/quadruped_gait/__init__.py -> /home/rithvik/quadruped_ws/install/quadruped_gait/lib/python3.10/site-packages/quadruped_gait
[1.085s] copying /home/rithvik/quadruped_ws/build/quadruped_gait/build/lib/quadruped_gait/one_leg_gait.py -> /home/rithvik/quadruped_ws/install/quadruped_gait/lib/python3.10/site-packages/quadruped_gait
[1.086s] byte-compiling /home/rithvik/quadruped_ws/install/quadruped_gait/lib/python3.10/site-packages/quadruped_gait/walk_gait.py to walk_gait.cpython-310.pyc
[1.086s] byte-compiling /home/rithvik/quadruped_ws/install/quadruped_gait/lib/python3.10/site-packages/quadruped_gait/__init__.py to __init__.cpython-310.pyc
[1.086s] byte-compiling /home/rithvik/quadruped_ws/install/quadruped_gait/lib/python3.10/site-packages/quadruped_gait/one_leg_gait.py to one_leg_gait.cpython-310.pyc
[1.087s] running install_data
[1.087s] copying resource/quadruped_gait -> /home/rithvik/quadruped_ws/install/quadruped_gait/share/ament_index/resource_index/packages
[1.087s] copying package.xml -> /home/rithvik/quadruped_ws/install/quadruped_gait/share/quadruped_gait
[1.087s] running install_egg_info
[1.089s] Copying ../../build/quadruped_gait/quadruped_gait.egg-info to /home/rithvik/quadruped_ws/install/quadruped_gait/lib/python3.10/site-packages/quadruped_gait-0.0.0-py3.10.egg-info
[1.089s] running install_scripts
[1.104s] Installing one_leg_gait script to /home/rithvik/quadruped_ws/install/quadruped_gait/lib/quadruped_gait
[1.104s] Installing walk_gait script to /home/rithvik/quadruped_ws/install/quadruped_gait/lib/quadruped_gait
[1.105s] writing list of installed files to '/home/rithvik/quadruped_ws/build/quadruped_gait/install.log'
[1.130s] Invoked command in '/home/rithvik/quadruped_ws/src/quadruped_gait' returned '0': PYTHONPATH=/home/rithvik/quadruped_ws/build/quadruped_gait/prefix_override:/usr/lib/python3/dist-packages/colcon_core/task/python/colcon_distutils_commands:/home/rithvik/quadruped_ws/install/quadruped_gait/lib/python3.10/site-packages:${PYTHONPATH} /usr/bin/python3 -W ignore:setup.py install is deprecated -W ignore:easy_install command is deprecated setup.py egg_info --egg-base ../../build/quadruped_gait build --build-base /home/rithvik/quadruped_ws/build/quadruped_gait/build install --record /home/rithvik/quadruped_ws/build/quadruped_gait/install.log --single-version-externally-managed install_data --force
